[2022-05-10 12:49:16.880 +05:30 INF] Entity Framework Core 6.0.4 initialized 'ProfileContext' using provider 'Microsoft.EntityFrameworkCore.SqlServer:6.0.4' with options: None
[2022-05-10 12:49:36.171 +05:30 INF] Entity Framework Core 6.0.4 initialized 'ProfileContext' using provider 'Microsoft.EntityFrameworkCore.SqlServer:6.0.4' with options: None
[2022-05-10 12:49:36.478 +05:30 INF] Executed DbCommand (16ms) [Parameters=[], CommandType='"Text"', CommandTimeout='30']
SELECT 1
[2022-05-10 12:49:36.511 +05:30 INF] Executed DbCommand (20ms) [Parameters=[], CommandType='"Text"', CommandTimeout='30']
SELECT OBJECT_ID(N'[__EFMigrationsHistory]');
[2022-05-10 12:49:36.515 +05:30 INF] Executed DbCommand (1ms) [Parameters=[], CommandType='"Text"', CommandTimeout='30']
SELECT 1
[2022-05-10 12:49:36.516 +05:30 INF] Executed DbCommand (1ms) [Parameters=[], CommandType='"Text"', CommandTimeout='30']
SELECT OBJECT_ID(N'[__EFMigrationsHistory]');
[2022-05-10 12:49:36.545 +05:30 INF] Executed DbCommand (2ms) [Parameters=[], CommandType='"Text"', CommandTimeout='30']
SELECT [MigrationId], [ProductVersion]
FROM [__EFMigrationsHistory]
ORDER BY [MigrationId];
[2022-05-10 12:49:36.577 +05:30 INF] Applying migration '20220510071917_Projects'.
[2022-05-10 12:49:36.717 +05:30 INF] Executed DbCommand (4ms) [Parameters=[], CommandType='"Text"', CommandTimeout='30']
ALTER TABLE [EducationDetails] DROP CONSTRAINT [FK_EducationDetails_Colleges_CollegeID];
[2022-05-10 12:49:36.719 +05:30 INF] Executed DbCommand (2ms) [Parameters=[], CommandType='"Text"', CommandTimeout='30']
ALTER TABLE [Languages] DROP CONSTRAINT [FK_Languages_personalDetails_MyPropertyPersonalDetailsId];
[2022-05-10 12:49:36.722 +05:30 INF] Executed DbCommand (3ms) [Parameters=[], CommandType='"Text"', CommandTimeout='30']
ALTER TABLE [personalDetails] DROP CONSTRAINT [FK_personalDetails_profileStatuses_StatusId];
[2022-05-10 12:49:36.725 +05:30 INF] Executed DbCommand (2ms) [Parameters=[], CommandType='"Text"', CommandTimeout='30']
ALTER TABLE [personalDetails] DROP CONSTRAINT [FK_personalDetails_users_UserId];
[2022-05-10 12:49:36.727 +05:30 INF] Executed DbCommand (2ms) [Parameters=[], CommandType='"Text"', CommandTimeout='30']
ALTER TABLE [SocialMedias] DROP CONSTRAINT [FK_SocialMedias_personalDetails_MyPropertyPersonalDetailsId];
[2022-05-10 12:49:36.768 +05:30 INF] Executed DbCommand (41ms) [Parameters=[], CommandType='"Text"', CommandTimeout='30']
DECLARE @var0 sysname;
SELECT @var0 = [d].[name]
FROM [sys].[default_constraints] [d]
INNER JOIN [sys].[columns] [c] ON [d].[parent_column_id] = [c].[column_id] AND [d].[parent_object_id] = [c].[object_id]
WHERE ([d].[parent_object_id] = OBJECT_ID(N'[users]') AND [c].[name] = N'UserName');
IF @var0 IS NOT NULL EXEC(N'ALTER TABLE [users] DROP CONSTRAINT [' + @var0 + '];');
ALTER TABLE [users] ALTER COLUMN [UserName] nvarchar(max) NOT NULL;
ALTER TABLE [users] ADD DEFAULT N'' FOR [UserName];
[2022-05-10 12:49:36.797 +05:30 INF] Executed DbCommand (29ms) [Parameters=[], CommandType='"Text"', CommandTimeout='30']
DECLARE @var1 sysname;
SELECT @var1 = [d].[name]
FROM [sys].[default_constraints] [d]
INNER JOIN [sys].[columns] [c] ON [d].[parent_column_id] = [c].[column_id] AND [d].[parent_object_id] = [c].[object_id]
WHERE ([d].[parent_object_id] = OBJECT_ID(N'[users]') AND [c].[name] = N'UpdatedOn');
IF @var1 IS NOT NULL EXEC(N'ALTER TABLE [users] DROP CONSTRAINT [' + @var1 + '];');
ALTER TABLE [users] ALTER COLUMN [UpdatedOn] datetime2 NOT NULL;
ALTER TABLE [users] ADD DEFAULT '0001-01-01T00:00:00.0000000' FOR [UpdatedOn];
[2022-05-10 12:49:36.824 +05:30 INF] Executed DbCommand (27ms) [Parameters=[], CommandType='"Text"', CommandTimeout='30']
DECLARE @var2 sysname;
SELECT @var2 = [d].[name]
FROM [sys].[default_constraints] [d]
INNER JOIN [sys].[columns] [c] ON [d].[parent_column_id] = [c].[column_id] AND [d].[parent_object_id] = [c].[object_id]
WHERE ([d].[parent_object_id] = OBJECT_ID(N'[users]') AND [c].[name] = N'UpdatedBy');
IF @var2 IS NOT NULL EXEC(N'ALTER TABLE [users] DROP CONSTRAINT [' + @var2 + '];');
ALTER TABLE [users] ALTER COLUMN [UpdatedBy] nvarchar(max) NOT NULL;
ALTER TABLE [users] ADD DEFAULT N'' FOR [UpdatedBy];
[2022-05-10 12:49:36.849 +05:30 INF] Executed DbCommand (24ms) [Parameters=[], CommandType='"Text"', CommandTimeout='30']
DECLARE @var3 sysname;
SELECT @var3 = [d].[name]
FROM [sys].[default_constraints] [d]
INNER JOIN [sys].[columns] [c] ON [d].[parent_column_id] = [c].[column_id] AND [d].[parent_object_id] = [c].[object_id]
WHERE ([d].[parent_object_id] = OBJECT_ID(N'[users]') AND [c].[name] = N'Password');
IF @var3 IS NOT NULL EXEC(N'ALTER TABLE [users] DROP CONSTRAINT [' + @var3 + '];');
ALTER TABLE [users] ALTER COLUMN [Password] nvarchar(max) NOT NULL;
ALTER TABLE [users] ADD DEFAULT N'' FOR [Password];
[2022-05-10 12:49:36.874 +05:30 INF] Executed DbCommand (25ms) [Parameters=[], CommandType='"Text"', CommandTimeout='30']
DECLARE @var4 sysname;
SELECT @var4 = [d].[name]
FROM [sys].[default_constraints] [d]
INNER JOIN [sys].[columns] [c] ON [d].[parent_column_id] = [c].[column_id] AND [d].[parent_object_id] = [c].[object_id]
WHERE ([d].[parent_object_id] = OBJECT_ID(N'[users]') AND [c].[name] = N'MobileNo');
IF @var4 IS NOT NULL EXEC(N'ALTER TABLE [users] DROP CONSTRAINT [' + @var4 + '];');
ALTER TABLE [users] ALTER COLUMN [MobileNo] bigint NOT NULL;
ALTER TABLE [users] ADD DEFAULT CAST(0 AS bigint) FOR [MobileNo];
[2022-05-10 12:49:36.900 +05:30 INF] Executed DbCommand (25ms) [Parameters=[], CommandType='"Text"', CommandTimeout='30']
DECLARE @var5 sysname;
SELECT @var5 = [d].[name]
FROM [sys].[default_constraints] [d]
INNER JOIN [sys].[columns] [c] ON [d].[parent_column_id] = [c].[column_id] AND [d].[parent_object_id] = [c].[object_id]
WHERE ([d].[parent_object_id] = OBJECT_ID(N'[users]') AND [c].[name] = N'Gender');
IF @var5 IS NOT NULL EXEC(N'ALTER TABLE [users] DROP CONSTRAINT [' + @var5 + '];');
ALTER TABLE [users] ALTER COLUMN [Gender] nvarchar(max) NOT NULL;
ALTER TABLE [users] ADD DEFAULT N'' FOR [Gender];
[2022-05-10 12:49:36.929 +05:30 INF] Executed DbCommand (28ms) [Parameters=[], CommandType='"Text"', CommandTimeout='30']
DECLARE @var6 sysname;
SELECT @var6 = [d].[name]
FROM [sys].[default_constraints] [d]
INNER JOIN [sys].[columns] [c] ON [d].[parent_column_id] = [c].[column_id] AND [d].[parent_object_id] = [c].[object_id]
WHERE ([d].[parent_object_id] = OBJECT_ID(N'[users]') AND [c].[name] = N'Email');
IF @var6 IS NOT NULL EXEC(N'ALTER TABLE [users] DROP CONSTRAINT [' + @var6 + '];');
ALTER TABLE [users] ALTER COLUMN [Email] nvarchar(max) NOT NULL;
ALTER TABLE [users] ADD DEFAULT N'' FOR [Email];
[2022-05-10 12:49:36.953 +05:30 INF] Executed DbCommand (24ms) [Parameters=[], CommandType='"Text"', CommandTimeout='30']
DECLARE @var7 sysname;
SELECT @var7 = [d].[name]
FROM [sys].[default_constraints] [d]
INNER JOIN [sys].[columns] [c] ON [d].[parent_column_id] = [c].[column_id] AND [d].[parent_object_id] = [c].[object_id]
WHERE ([d].[parent_object_id] = OBJECT_ID(N'[users]') AND [c].[name] = N'CreatedOn');
IF @var7 IS NOT NULL EXEC(N'ALTER TABLE [users] DROP CONSTRAINT [' + @var7 + '];');
ALTER TABLE [users] ALTER COLUMN [CreatedOn] datetime2 NOT NULL;
ALTER TABLE [users] ADD DEFAULT '0001-01-01T00:00:00.0000000' FOR [CreatedOn];
[2022-05-10 12:49:36.984 +05:30 INF] Executed DbCommand (31ms) [Parameters=[], CommandType='"Text"', CommandTimeout='30']
DECLARE @var8 sysname;
SELECT @var8 = [d].[name]
FROM [sys].[default_constraints] [d]
INNER JOIN [sys].[columns] [c] ON [d].[parent_column_id] = [c].[column_id] AND [d].[parent_object_id] = [c].[object_id]
WHERE ([d].[parent_object_id] = OBJECT_ID(N'[users]') AND [c].[name] = N'CreatedBy');
IF @var8 IS NOT NULL EXEC(N'ALTER TABLE [users] DROP CONSTRAINT [' + @var8 + '];');
ALTER TABLE [users] ALTER COLUMN [CreatedBy] nvarchar(max) NOT NULL;
ALTER TABLE [users] ADD DEFAULT N'' FOR [CreatedBy];
[2022-05-10 12:49:37.016 +05:30 INF] Executed DbCommand (31ms) [Parameters=[], CommandType='"Text"', CommandTimeout='30']
DECLARE @var9 sysname;
SELECT @var9 = [d].[name]
FROM [sys].[default_constraints] [d]
INNER JOIN [sys].[columns] [c] ON [d].[parent_column_id] = [c].[column_id] AND [d].[parent_object_id] = [c].[object_id]
WHERE ([d].[parent_object_id] = OBJECT_ID(N'[Technologies]') AND [c].[name] = N'TechnologyName');
IF @var9 IS NOT NULL EXEC(N'ALTER TABLE [Technologies] DROP CONSTRAINT [' + @var9 + '];');
ALTER TABLE [Technologies] ALTER COLUMN [TechnologyName] nvarchar(max) NOT NULL;
ALTER TABLE [Technologies] ADD DEFAULT N'' FOR [TechnologyName];
[2022-05-10 12:49:37.061 +05:30 INF] Executed DbCommand (45ms) [Parameters=[], CommandType='"Text"', CommandTimeout='30']
ALTER TABLE [Technologies] ADD [CreatedBy] nvarchar(max) NOT NULL DEFAULT N'';
[2022-05-10 12:49:37.108 +05:30 INF] Executed DbCommand (47ms) [Parameters=[], CommandType='"Text"', CommandTimeout='30']
ALTER TABLE [Technologies] ADD [CreatedOn] datetime2 NOT NULL DEFAULT '0001-01-01T00:00:00.0000000';
[2022-05-10 12:49:37.149 +05:30 INF] Executed DbCommand (41ms) [Parameters=[], CommandType='"Text"', CommandTimeout='30']
ALTER TABLE [Technologies] ADD [UpdatedBy] nvarchar(max) NOT NULL DEFAULT N'';
[2022-05-10 12:49:37.156 +05:30 INF] Executed DbCommand (6ms) [Parameters=[], CommandType='"Text"', CommandTimeout='30']
ALTER TABLE [Technologies] ADD [UpdatedOn] datetime2 NOT NULL DEFAULT '0001-01-01T00:00:00.0000000';
[2022-05-10 12:49:37.183 +05:30 INF] Executed DbCommand (26ms) [Parameters=[], CommandType='"Text"', CommandTimeout='30']
DECLARE @var10 sysname;
SELECT @var10 = [d].[name]
FROM [sys].[default_constraints] [d]
INNER JOIN [sys].[columns] [c] ON [d].[parent_column_id] = [c].[column_id] AND [d].[parent_object_id] = [c].[object_id]
WHERE ([d].[parent_object_id] = OBJECT_ID(N'[SocialMedias]') AND [c].[name] = N'UpdatedOn');
IF @var10 IS NOT NULL EXEC(N'ALTER TABLE [SocialMedias] DROP CONSTRAINT [' + @var10 + '];');
ALTER TABLE [SocialMedias] ALTER COLUMN [UpdatedOn] datetime2 NOT NULL;
ALTER TABLE [SocialMedias] ADD DEFAULT '0001-01-01T00:00:00.0000000' FOR [UpdatedOn];
[2022-05-10 12:49:37.224 +05:30 INF] Executed DbCommand (41ms) [Parameters=[], CommandType='"Text"', CommandTimeout='30']
DECLARE @var11 sysname;
SELECT @var11 = [d].[name]
FROM [sys].[default_constraints] [d]
INNER JOIN [sys].[columns] [c] ON [d].[parent_column_id] = [c].[column_id] AND [d].[parent_object_id] = [c].[object_id]
WHERE ([d].[parent_object_id] = OBJECT_ID(N'[SocialMedias]') AND [c].[name] = N'UpdatedBy');
IF @var11 IS NOT NULL EXEC(N'ALTER TABLE [SocialMedias] DROP CONSTRAINT [' + @var11 + '];');
ALTER TABLE [SocialMedias] ALTER COLUMN [UpdatedBy] nvarchar(max) NOT NULL;
ALTER TABLE [SocialMedias] ADD DEFAULT N'' FOR [UpdatedBy];
[2022-05-10 12:49:37.258 +05:30 INF] Executed DbCommand (33ms) [Parameters=[], CommandType='"Text"', CommandTimeout='30']
DECLARE @var12 sysname;
SELECT @var12 = [d].[name]
FROM [sys].[default_constraints] [d]
INNER JOIN [sys].[columns] [c] ON [d].[parent_column_id] = [c].[column_id] AND [d].[parent_object_id] = [c].[object_id]
WHERE ([d].[parent_object_id] = OBJECT_ID(N'[SocialMedias]') AND [c].[name] = N'SocialMediaName');
IF @var12 IS NOT NULL EXEC(N'ALTER TABLE [SocialMedias] DROP CONSTRAINT [' + @var12 + '];');
ALTER TABLE [SocialMedias] ALTER COLUMN [SocialMediaName] nvarchar(max) NOT NULL;
ALTER TABLE [SocialMedias] ADD DEFAULT N'' FOR [SocialMediaName];
[2022-05-10 12:49:37.284 +05:30 INF] Executed DbCommand (25ms) [Parameters=[], CommandType='"Text"', CommandTimeout='30']
DECLARE @var13 sysname;
SELECT @var13 = [d].[name]
FROM [sys].[default_constraints] [d]
INNER JOIN [sys].[columns] [c] ON [d].[parent_column_id] = [c].[column_id] AND [d].[parent_object_id] = [c].[object_id]
WHERE ([d].[parent_object_id] = OBJECT_ID(N'[SocialMedias]') AND [c].[name] = N'SocialMediaLink');
IF @var13 IS NOT NULL EXEC(N'ALTER TABLE [SocialMedias] DROP CONSTRAINT [' + @var13 + '];');
ALTER TABLE [SocialMedias] ALTER COLUMN [SocialMediaLink] nvarchar(max) NOT NULL;
ALTER TABLE [SocialMedias] ADD DEFAULT N'' FOR [SocialMediaLink];
[2022-05-10 12:49:37.315 +05:30 INF] Executed DbCommand (30ms) [Parameters=[], CommandType='"Text"', CommandTimeout='30']
DROP INDEX [IX_SocialMedias_MyPropertyPersonalDetailsId] ON [SocialMedias];
DECLARE @var14 sysname;
SELECT @var14 = [d].[name]
FROM [sys].[default_constraints] [d]
INNER JOIN [sys].[columns] [c] ON [d].[parent_column_id] = [c].[column_id] AND [d].[parent_object_id] = [c].[object_id]
WHERE ([d].[parent_object_id] = OBJECT_ID(N'[SocialMedias]') AND [c].[name] = N'MyPropertyPersonalDetailsId');
IF @var14 IS NOT NULL EXEC(N'ALTER TABLE [SocialMedias] DROP CONSTRAINT [' + @var14 + '];');
ALTER TABLE [SocialMedias] ALTER COLUMN [MyPropertyPersonalDetailsId] int NOT NULL;
ALTER TABLE [SocialMedias] ADD DEFAULT 0 FOR [MyPropertyPersonalDetailsId];
CREATE INDEX [IX_SocialMedias_MyPropertyPersonalDetailsId] ON [SocialMedias] ([MyPropertyPersonalDetailsId]);
[2022-05-10 12:49:37.336 +05:30 INF] Executed DbCommand (21ms) [Parameters=[], CommandType='"Text"', CommandTimeout='30']
DECLARE @var15 sysname;
SELECT @var15 = [d].[name]
FROM [sys].[default_constraints] [d]
INNER JOIN [sys].[columns] [c] ON [d].[parent_column_id] = [c].[column_id] AND [d].[parent_object_id] = [c].[object_id]
WHERE ([d].[parent_object_id] = OBJECT_ID(N'[SocialMedias]') AND [c].[name] = N'CreatedOn');
IF @var15 IS NOT NULL EXEC(N'ALTER TABLE [SocialMedias] DROP CONSTRAINT [' + @var15 + '];');
ALTER TABLE [SocialMedias] ALTER COLUMN [CreatedOn] datetime2 NOT NULL;
ALTER TABLE [SocialMedias] ADD DEFAULT '0001-01-01T00:00:00.0000000' FOR [CreatedOn];
[2022-05-10 12:49:37.366 +05:30 INF] Executed DbCommand (30ms) [Parameters=[], CommandType='"Text"', CommandTimeout='30']
DECLARE @var16 sysname;
SELECT @var16 = [d].[name]
FROM [sys].[default_constraints] [d]
INNER JOIN [sys].[columns] [c] ON [d].[parent_column_id] = [c].[column_id] AND [d].[parent_object_id] = [c].[object_id]
WHERE ([d].[parent_object_id] = OBJECT_ID(N'[SocialMedias]') AND [c].[name] = N'CreatedBy');
IF @var16 IS NOT NULL EXEC(N'ALTER TABLE [SocialMedias] DROP CONSTRAINT [' + @var16 + '];');
ALTER TABLE [SocialMedias] ALTER COLUMN [CreatedBy] nvarchar(max) NOT NULL;
ALTER TABLE [SocialMedias] ADD DEFAULT N'' FOR [CreatedBy];
[2022-05-10 12:49:37.394 +05:30 INF] Executed DbCommand (27ms) [Parameters=[], CommandType='"Text"', CommandTimeout='30']
DECLARE @var17 sysname;
SELECT @var17 = [d].[name]
FROM [sys].[default_constraints] [d]
INNER JOIN [sys].[columns] [c] ON [d].[parent_column_id] = [c].[column_id] AND [d].[parent_object_id] = [c].[object_id]
WHERE ([d].[parent_object_id] = OBJECT_ID(N'[skills]') AND [c].[name] = N'UpdatedOn');
IF @var17 IS NOT NULL EXEC(N'ALTER TABLE [skills] DROP CONSTRAINT [' + @var17 + '];');
ALTER TABLE [skills] ALTER COLUMN [UpdatedOn] datetime2 NOT NULL;
ALTER TABLE [skills] ADD DEFAULT '0001-01-01T00:00:00.0000000' FOR [UpdatedOn];
[2022-05-10 12:49:37.418 +05:30 INF] Executed DbCommand (24ms) [Parameters=[], CommandType='"Text"', CommandTimeout='30']
DECLARE @var18 sysname;
SELECT @var18 = [d].[name]
FROM [sys].[default_constraints] [d]
INNER JOIN [sys].[columns] [c] ON [d].[parent_column_id] = [c].[column_id] AND [d].[parent_object_id] = [c].[object_id]
WHERE ([d].[parent_object_id] = OBJECT_ID(N'[skills]') AND [c].[name] = N'UpdatedBy');
IF @var18 IS NOT NULL EXEC(N'ALTER TABLE [skills] DROP CONSTRAINT [' + @var18 + '];');
ALTER TABLE [skills] ALTER COLUMN [UpdatedBy] nvarchar(max) NOT NULL;
ALTER TABLE [skills] ADD DEFAULT N'' FOR [UpdatedBy];
[2022-05-10 12:49:37.447 +05:30 INF] Executed DbCommand (29ms) [Parameters=[], CommandType='"Text"', CommandTimeout='30']
DECLARE @var19 sysname;
SELECT @var19 = [d].[name]
FROM [sys].[default_constraints] [d]
INNER JOIN [sys].[columns] [c] ON [d].[parent_column_id] = [c].[column_id] AND [d].[parent_object_id] = [c].[object_id]
WHERE ([d].[parent_object_id] = OBJECT_ID(N'[skills]') AND [c].[name] = N'CreatedOn');
IF @var19 IS NOT NULL EXEC(N'ALTER TABLE [skills] DROP CONSTRAINT [' + @var19 + '];');
ALTER TABLE [skills] ALTER COLUMN [CreatedOn] datetime2 NOT NULL;
ALTER TABLE [skills] ADD DEFAULT '0001-01-01T00:00:00.0000000' FOR [CreatedOn];
[2022-05-10 12:49:37.471 +05:30 INF] Executed DbCommand (23ms) [Parameters=[], CommandType='"Text"', CommandTimeout='30']
DECLARE @var20 sysname;
SELECT @var20 = [d].[name]
FROM [sys].[default_constraints] [d]
INNER JOIN [sys].[columns] [c] ON [d].[parent_column_id] = [c].[column_id] AND [d].[parent_object_id] = [c].[object_id]
WHERE ([d].[parent_object_id] = OBJECT_ID(N'[skills]') AND [c].[name] = N'CreatedBy');
IF @var20 IS NOT NULL EXEC(N'ALTER TABLE [skills] DROP CONSTRAINT [' + @var20 + '];');
ALTER TABLE [skills] ALTER COLUMN [CreatedBy] nvarchar(max) NOT NULL;
ALTER TABLE [skills] ADD DEFAULT N'' FOR [CreatedBy];
[2022-05-10 12:49:37.520 +05:30 ERR] Failed executing DbCommand (41ms) [Parameters=[], CommandType='"Text"', CommandTimeout='30']
DECLARE @var21 sysname;
SELECT @var21 = [d].[name]
FROM [sys].[default_constraints] [d]
INNER JOIN [sys].[columns] [c] ON [d].[parent_column_id] = [c].[column_id] AND [d].[parent_object_id] = [c].[object_id]
WHERE ([d].[parent_object_id] = OBJECT_ID(N'[Roles]') AND [c].[name] = N'UpdatedOn');
IF @var21 IS NOT NULL EXEC(N'ALTER TABLE [Roles] DROP CONSTRAINT [' + @var21 + '];');
ALTER TABLE [Roles] ALTER COLUMN [UpdatedOn] datetime2 NOT NULL;
ALTER TABLE [Roles] ADD DEFAULT '0001-01-01T00:00:00.0000000' FOR [UpdatedOn];
[2022-05-10 18:37:32.702 +05:30 INF] Entity Framework Core 6.0.4 initialized 'Context' using provider 'Microsoft.EntityFrameworkCore.SqlServer:6.0.4' with options: None
[2022-05-10 18:38:06.909 +05:30 INF] Entity Framework Core 6.0.4 initialized 'Context' using provider 'Microsoft.EntityFrameworkCore.SqlServer:6.0.4' with options: None
[2022-05-10 18:38:07.333 +05:30 INF] Executed DbCommand (17ms) [Parameters=[], CommandType='"Text"', CommandTimeout='30']
SELECT 1
[2022-05-10 18:38:07.363 +05:30 INF] Executed DbCommand (18ms) [Parameters=[], CommandType='"Text"', CommandTimeout='30']
SELECT OBJECT_ID(N'[__EFMigrationsHistory]');
[2022-05-10 18:38:07.366 +05:30 INF] Executed DbCommand (1ms) [Parameters=[], CommandType='"Text"', CommandTimeout='30']
SELECT 1
[2022-05-10 18:38:07.496 +05:30 INF] Executed DbCommand (3ms) [Parameters=[], CommandType='"Text"', CommandTimeout='30']
CREATE TABLE [__EFMigrationsHistory] (
    [MigrationId] nvarchar(150) NOT NULL,
    [ProductVersion] nvarchar(32) NOT NULL,
    CONSTRAINT [PK___EFMigrationsHistory] PRIMARY KEY ([MigrationId])
);
[2022-05-10 18:38:07.498 +05:30 INF] Executed DbCommand (0ms) [Parameters=[], CommandType='"Text"', CommandTimeout='30']
SELECT 1
[2022-05-10 18:38:07.500 +05:30 INF] Executed DbCommand (2ms) [Parameters=[], CommandType='"Text"', CommandTimeout='30']
SELECT OBJECT_ID(N'[__EFMigrationsHistory]');
[2022-05-10 18:38:07.505 +05:30 INF] Executed DbCommand (2ms) [Parameters=[], CommandType='"Text"', CommandTimeout='30']
SELECT [MigrationId], [ProductVersion]
FROM [__EFMigrationsHistory]
ORDER BY [MigrationId];
[2022-05-10 18:38:07.528 +05:30 INF] Applying migration '20220510130732_updated_foreign_key'.
[2022-05-10 18:38:07.604 +05:30 INF] Executed DbCommand (3ms) [Parameters=[], CommandType='"Text"', CommandTimeout='30']
CREATE TABLE [breakDurations] (
    [BreakDuration_Id] int NOT NULL IDENTITY,
    [Starting_Month] datetime2 NULL,
    [Starting_Year] datetime2 NULL,
    [Ending_Month] datetime2 NULL,
    [Ending_Year] datetime2 NULL,
    [CreatedOn] datetime2 NULL,
    [CreatedBy] nvarchar(max) NULL,
    [UpdatedOn] datetime2 NULL,
    [UpdatedBy] nvarchar(max) NULL,
    [IsActive] bit NOT NULL,
    CONSTRAINT [PK_breakDurations] PRIMARY KEY ([BreakDuration_Id])
);
[2022-05-10 18:38:07.608 +05:30 INF] Executed DbCommand (2ms) [Parameters=[], CommandType='"Text"', CommandTimeout='30']
CREATE TABLE [languages] (
    [LanguageId] int NOT NULL IDENTITY,
    [LanguageName] nvarchar(max) NOT NULL,
    [Read] bit NOT NULL,
    [Write] bit NOT NULL,
    [Speak] bit NOT NULL,
    [CreatedOn] datetime2 NULL,
    [CreatedBy] nvarchar(max) NULL,
    [UpdatedOn] datetime2 NULL,
    [UpdatedBy] nvarchar(max) NULL,
    [IsActive] bit NOT NULL,
    CONSTRAINT [PK_languages] PRIMARY KEY ([LanguageId])
);
[2022-05-10 18:38:07.612 +05:30 INF] Executed DbCommand (3ms) [Parameters=[], CommandType='"Text"', CommandTimeout='30']
CREATE TABLE [SocialMedias] (
    [SocialMedia_Id] int NOT NULL IDENTITY,
    [SocialMedia_Name] nvarchar(max) NOT NULL,
    [SocialMedia_Link] nvarchar(max) NOT NULL,
    [CreatedOn] datetime2 NULL,
    [CreatedBy] nvarchar(max) NULL,
    [UpdatedOn] datetime2 NULL,
    [UpdatedBy] nvarchar(max) NULL,
    [IsActive] bit NOT NULL,
    CONSTRAINT [PK_SocialMedias] PRIMARY KEY ([SocialMedia_Id])
);
[2022-05-10 18:38:07.615 +05:30 INF] Executed DbCommand (3ms) [Parameters=[], CommandType='"Text"', CommandTimeout='30']
CREATE TABLE [users] (
    [Id] int NOT NULL IDENTITY,
    [Name] nvarchar(max) NOT NULL,
    [Email] nvarchar(max) NOT NULL,
    [UserName] nvarchar(max) NOT NULL,
    [Password] nvarchar(max) NOT NULL,
    [Gender] nvarchar(max) NOT NULL,
    [MobileNo] bigint NOT NULL,
    [Organization] nvarchar(max) NOT NULL,
    [Designation] nvarchar(max) NOT NULL,
    [Reporting_Person] nvarchar(max) NOT NULL,
    [IsActive] bit NOT NULL,
    [CreatedBy] nvarchar(max) NULL,
    [CreatedOn] datetime2 NULL,
    [UpdatedBy] nvarchar(max) NULL,
    [UpdatedOn] datetime2 NULL,
    CONSTRAINT [PK_users] PRIMARY KEY ([Id])
);
[2022-05-10 18:38:07.620 +05:30 INF] Executed DbCommand (5ms) [Parameters=[], CommandType='"Text"', CommandTimeout='30']
CREATE TABLE [personalDetails] (
    [PersonalDetailsId] int NOT NULL IDENTITY,
    [Objective] nvarchar(max) NOT NULL,
    [Name] nvarchar(max) NOT NULL,
    [DateOfBirth] datetime2 NULL,
    [Nationality] nvarchar(max) NOT NULL,
    [MailAdress] nvarchar(max) NOT NULL,
    [MobileNo] bigint NOT NULL,
    [DateOfJoinig] datetime2 NULL,
    [CreatedOn] datetime2 NULL,
    [CreatedBy] nvarchar(max) NULL,
    [UpdatedOn] datetime2 NULL,
    [languageid] int NOT NULL,
    [breakDurationid] int NOT NULL,
    [socialmediaid] int NOT NULL,
    [UpdatedBy] nvarchar(max) NULL,
    [IsActive] bit NOT NULL,
    CONSTRAINT [PK_personalDetails] PRIMARY KEY ([PersonalDetailsId]),
    CONSTRAINT [FK_personalDetails_breakDurations_breakDurationid] FOREIGN KEY ([breakDurationid]) REFERENCES [breakDurations] ([BreakDuration_Id]) ON DELETE CASCADE,
    CONSTRAINT [FK_personalDetails_languages_languageid] FOREIGN KEY ([languageid]) REFERENCES [languages] ([LanguageId]) ON DELETE CASCADE,
    CONSTRAINT [FK_personalDetails_SocialMedias_socialmediaid] FOREIGN KEY ([socialmediaid]) REFERENCES [SocialMedias] ([SocialMedia_Id]) ON DELETE CASCADE
);
[2022-05-10 18:38:07.626 +05:30 INF] Executed DbCommand (6ms) [Parameters=[], CommandType='"Text"', CommandTimeout='30']
CREATE TABLE [educations] (
    [Education_Id] int NOT NULL IDENTITY,
    [Degree] nvarchar(max) NOT NULL,
    [Course] nvarchar(max) NOT NULL,
    [Starting_Year] datetime2 NULL,
    [Ending_Year] datetime2 NULL,
    [Percentage] real NOT NULL,
    [personaldetailsId] int NOT NULL,
    [CreatedOn] datetime2 NULL,
    [CreatedBy] nvarchar(max) NULL,
    [UpdatedOn] datetime2 NULL,
    [UpdatedBy] nvarchar(max) NULL,
    [IsActive] bit NOT NULL,
    CONSTRAINT [PK_educations] PRIMARY KEY ([Education_Id]),
    CONSTRAINT [FK_educations_personalDetails_personaldetailsId] FOREIGN KEY ([personaldetailsId]) REFERENCES [personalDetails] ([PersonalDetailsId]) ON DELETE CASCADE
);
[2022-05-10 18:38:07.635 +05:30 INF] Executed DbCommand (9ms) [Parameters=[], CommandType='"Text"', CommandTimeout='30']
CREATE TABLE [projects] (
    [Project_Id] nvarchar(450) NOT NULL,
    [ProjectName] nvarchar(max) NOT NULL,
    [project_Description] nvarchar(max) NOT NULL,
    [Project_Starting_Month] datetime2 NULL,
    [Project_Starting_Year] datetime2 NULL,
    [Project_Ending_Month] datetime2 NULL,
    [Project_Ending_Year] datetime2 NULL,
    [PersonalDetailsId] int NOT NULL,
    [CreatedOn] datetime2 NULL,
    [CreatedBy] nvarchar(max) NULL,
    [UpdatedOn] datetime2 NULL,
    [UpdatedBy] nvarchar(max) NULL,
    [IsActive] bit NOT NULL,
    CONSTRAINT [PK_projects] PRIMARY KEY ([Project_Id]),
    CONSTRAINT [FK_projects_personalDetails_PersonalDetailsId] FOREIGN KEY ([PersonalDetailsId]) REFERENCES [personalDetails] ([PersonalDetailsId]) ON DELETE CASCADE
);
[2022-05-10 18:38:07.642 +05:30 INF] Executed DbCommand (7ms) [Parameters=[], CommandType='"Text"', CommandTimeout='30']
CREATE TABLE [skills] (
    [Skill_Id] int NOT NULL IDENTITY,
    [Domain] nvarchar(max) NOT NULL,
    [Technology] nvarchar(max) NOT NULL,
    [PersonalDetailsId] int NOT NULL,
    [CreatedOn] datetime2 NULL,
    [CreatedBy] nvarchar(max) NULL,
    [UpdatedOn] datetime2 NULL,
    [UpdatedBy] nvarchar(max) NULL,
    [IsActive] bit NOT NULL,
    CONSTRAINT [PK_skills] PRIMARY KEY ([Skill_Id]),
    CONSTRAINT [FK_skills_personalDetails_PersonalDetailsId] FOREIGN KEY ([PersonalDetailsId]) REFERENCES [personalDetails] ([PersonalDetailsId]) ON DELETE CASCADE
);
[2022-05-10 18:38:07.645 +05:30 INF] Executed DbCommand (3ms) [Parameters=[], CommandType='"Text"', CommandTimeout='30']
CREATE INDEX [IX_educations_personaldetailsId] ON [educations] ([personaldetailsId]);
[2022-05-10 18:38:07.647 +05:30 INF] Executed DbCommand (2ms) [Parameters=[], CommandType='"Text"', CommandTimeout='30']
CREATE INDEX [IX_personalDetails_breakDurationid] ON [personalDetails] ([breakDurationid]);
[2022-05-10 18:38:07.648 +05:30 INF] Executed DbCommand (1ms) [Parameters=[], CommandType='"Text"', CommandTimeout='30']
CREATE INDEX [IX_personalDetails_languageid] ON [personalDetails] ([languageid]);
[2022-05-10 18:38:07.650 +05:30 INF] Executed DbCommand (1ms) [Parameters=[], CommandType='"Text"', CommandTimeout='30']
CREATE INDEX [IX_personalDetails_socialmediaid] ON [personalDetails] ([socialmediaid]);
[2022-05-10 18:38:07.651 +05:30 INF] Executed DbCommand (1ms) [Parameters=[], CommandType='"Text"', CommandTimeout='30']
CREATE INDEX [IX_projects_PersonalDetailsId] ON [projects] ([PersonalDetailsId]);
[2022-05-10 18:38:07.653 +05:30 INF] Executed DbCommand (1ms) [Parameters=[], CommandType='"Text"', CommandTimeout='30']
CREATE INDEX [IX_skills_PersonalDetailsId] ON [skills] ([PersonalDetailsId]);
[2022-05-10 18:38:07.657 +05:30 INF] Executed DbCommand (4ms) [Parameters=[], CommandType='"Text"', CommandTimeout='30']
INSERT INTO [__EFMigrationsHistory] ([MigrationId], [ProductVersion])
VALUES (N'20220510130732_updated_foreign_key', N'6.0.4');
[2022-05-10 18:38:55.841 +05:30 INF] Now listening on: https://localhost:7241
[2022-05-10 18:38:55.875 +05:30 INF] Now listening on: http://localhost:5111
[2022-05-10 18:38:55.882 +05:30 INF] Application started. Press Ctrl+C to shut down.
[2022-05-10 18:38:55.883 +05:30 INF] Hosting environment: Development
[2022-05-10 18:38:55.884 +05:30 INF] Content root path: C:\Users\nagaraj.kanagaraj\OneDrive\Profile65\
[2022-05-10 18:38:58.892 +05:30 INF] Request starting HTTP/2 GET https://localhost:7241/ - -
[2022-05-10 18:38:58.946 +05:30 INF] Request finished HTTP/2 GET https://localhost:7241/ - - - 404 0 - 55.8290ms
[2022-05-10 18:38:58.960 +05:30 INF] Request starting HTTP/2 GET https://localhost:7241/favicon.ico - -
[2022-05-10 18:38:58.961 +05:30 INF] Request finished HTTP/2 GET https://localhost:7241/favicon.ico - - - 404 0 - 1.3137ms
[2022-05-10 18:39:08.760 +05:30 INF] Request starting HTTP/2 GET https://localhost:7241/swagger/ - -
[2022-05-10 18:39:08.763 +05:30 INF] Request finished HTTP/2 GET https://localhost:7241/swagger/ - - - 0 - - 2.5833ms
[2022-05-10 18:39:08.763 +05:30 INF] Request starting HTTP/2 GET https://localhost:7241/swagger/index.html - -
[2022-05-10 18:39:08.820 +05:30 INF] Request finished HTTP/2 GET https://localhost:7241/swagger/index.html - - - 200 - text/html;charset=utf-8 56.9750ms
[2022-05-10 18:39:08.875 +05:30 INF] Request starting HTTP/2 GET https://localhost:7241/swagger/swagger-ui.css - -
[2022-05-10 18:39:08.898 +05:30 INF] Sending file. Request path: '/swagger-ui.css'. Physical path: 'N/A'
[2022-05-10 18:39:08.899 +05:30 INF] Request finished HTTP/2 GET https://localhost:7241/swagger/swagger-ui.css - - - 0 143632 text/css 23.8856ms
[2022-05-10 18:39:08.965 +05:30 INF] Request starting HTTP/2 GET https://localhost:7241/swagger/favicon-16x16.png - -
[2022-05-10 18:39:08.966 +05:30 INF] Sending file. Request path: '/favicon-16x16.png'. Physical path: 'N/A'
[2022-05-10 18:39:08.966 +05:30 INF] Request finished HTTP/2 GET https://localhost:7241/swagger/favicon-16x16.png - - - 200 665 image/png 1.2178ms
[2022-05-10 18:39:08.993 +05:30 INF] Request starting HTTP/2 GET https://localhost:7241/swagger/v1/swagger.json - -
[2022-05-10 18:39:09.078 +05:30 ERR] An unhandled exception has occurred while executing the request.
Swashbuckle.AspNetCore.SwaggerGen.SwaggerGeneratorException: Ambiguous HTTP method for action - Profile65.PersonalServiceController.UpdateProjects (Profile65). Actions require an explicit HttpMethod binding for Swagger/OpenAPI 3.0
   at Swashbuckle.AspNetCore.SwaggerGen.SwaggerGenerator.GenerateOperations(IEnumerable`1 apiDescriptions, SchemaRepository schemaRepository)
   at Swashbuckle.AspNetCore.SwaggerGen.SwaggerGenerator.GeneratePaths(IEnumerable`1 apiDescriptions, SchemaRepository schemaRepository)
   at Swashbuckle.AspNetCore.SwaggerGen.SwaggerGenerator.GetSwagger(String documentName, String host, String basePath)
   at Swashbuckle.AspNetCore.Swagger.SwaggerMiddleware.Invoke(HttpContext httpContext, ISwaggerProvider swaggerProvider)
   at Microsoft.AspNetCore.Diagnostics.DeveloperExceptionPageMiddleware.Invoke(HttpContext context)
[2022-05-10 18:39:09.095 +05:30 INF] Request finished HTTP/2 GET https://localhost:7241/swagger/v1/swagger.json - - - 500 - text/plain;+charset=utf-8 88.2510ms
[2022-05-10 18:44:27.025 +05:30 INF] Application is shutting down...
[2022-05-10 18:44:36.385 +05:30 INF] Now listening on: https://localhost:7241
[2022-05-10 18:44:36.414 +05:30 INF] Now listening on: http://localhost:5111
[2022-05-10 18:44:36.421 +05:30 INF] Application started. Press Ctrl+C to shut down.
[2022-05-10 18:44:36.423 +05:30 INF] Hosting environment: Development
[2022-05-10 18:44:36.424 +05:30 INF] Content root path: C:\Users\nagaraj.kanagaraj\OneDrive\Profile65\
[2022-05-10 18:44:36.750 +05:30 INF] Request starting HTTP/2 GET https://localhost:7241/ - -
[2022-05-10 18:44:36.860 +05:30 INF] Request finished HTTP/2 GET https://localhost:7241/ - - - 404 0 - 114.7746ms
[2022-05-10 18:44:42.157 +05:30 INF] Request starting HTTP/2 GET https://localhost:7241/swagger/index.html - -
[2022-05-10 18:44:42.218 +05:30 INF] Request finished HTTP/2 GET https://localhost:7241/swagger/index.html - - - 200 - text/html;charset=utf-8 60.5913ms
[2022-05-10 18:44:42.376 +05:30 INF] Request starting HTTP/2 GET https://localhost:7241/swagger/favicon-16x16.png - -
[2022-05-10 18:44:42.388 +05:30 INF] Sending file. Request path: '/favicon-16x16.png'. Physical path: 'N/A'
[2022-05-10 18:44:42.389 +05:30 INF] Request finished HTTP/2 GET https://localhost:7241/swagger/favicon-16x16.png - - - 0 665 image/png 12.4554ms
[2022-05-10 18:44:42.409 +05:30 INF] Request starting HTTP/2 GET https://localhost:7241/swagger/v1/swagger.json - -
[2022-05-10 18:44:42.555 +05:30 ERR] An unhandled exception has occurred while executing the request.
Swashbuckle.AspNetCore.SwaggerGen.SwaggerGeneratorException: Ambiguous HTTP method for action - Profile65.PersonalServiceController.RemoveLanguage (Profile65). Actions require an explicit HttpMethod binding for Swagger/OpenAPI 3.0
   at Swashbuckle.AspNetCore.SwaggerGen.SwaggerGenerator.GenerateOperations(IEnumerable`1 apiDescriptions, SchemaRepository schemaRepository)
   at Swashbuckle.AspNetCore.SwaggerGen.SwaggerGenerator.GeneratePaths(IEnumerable`1 apiDescriptions, SchemaRepository schemaRepository)
   at Swashbuckle.AspNetCore.SwaggerGen.SwaggerGenerator.GetSwagger(String documentName, String host, String basePath)
   at Swashbuckle.AspNetCore.Swagger.SwaggerMiddleware.Invoke(HttpContext httpContext, ISwaggerProvider swaggerProvider)
   at Microsoft.AspNetCore.Diagnostics.DeveloperExceptionPageMiddleware.Invoke(HttpContext context)
[2022-05-10 18:44:42.559 +05:30 INF] Request finished HTTP/2 GET https://localhost:7241/swagger/v1/swagger.json - - - 500 - text/plain;+charset=utf-8 149.8007ms
[2022-05-10 18:45:49.081 +05:30 INF] Now listening on: https://localhost:7241
[2022-05-10 18:45:49.111 +05:30 INF] Now listening on: http://localhost:5111
[2022-05-10 18:45:49.119 +05:30 INF] Application started. Press Ctrl+C to shut down.
[2022-05-10 18:45:49.122 +05:30 INF] Hosting environment: Development
[2022-05-10 18:45:49.126 +05:30 INF] Content root path: C:\Users\nagaraj.kanagaraj\OneDrive\Profile65\
[2022-05-10 18:45:49.447 +05:30 INF] Request starting HTTP/2 GET https://localhost:7241/ - -
[2022-05-10 18:45:49.567 +05:30 INF] Request finished HTTP/2 GET https://localhost:7241/ - - - 404 0 - 122.6698ms
[2022-05-10 18:45:49.598 +05:30 INF] Request starting HTTP/2 GET https://localhost:7241/favicon.ico - -
[2022-05-10 18:45:49.599 +05:30 INF] Request finished HTTP/2 GET https://localhost:7241/favicon.ico - - - 0 - - 1.2632ms
[2022-05-10 18:45:57.225 +05:30 INF] Request starting HTTP/2 GET https://localhost:7241/swagger/index.html - -
[2022-05-10 18:45:57.284 +05:30 INF] Request finished HTTP/2 GET https://localhost:7241/swagger/index.html - - - 200 - text/html;charset=utf-8 58.6906ms
[2022-05-10 18:45:57.411 +05:30 INF] Request starting HTTP/2 GET https://localhost:7241/swagger/favicon-16x16.png - -
[2022-05-10 18:45:57.424 +05:30 INF] Sending file. Request path: '/favicon-16x16.png'. Physical path: 'N/A'
[2022-05-10 18:45:57.425 +05:30 INF] Request finished HTTP/2 GET https://localhost:7241/swagger/favicon-16x16.png - - - 200 665 image/png 14.0761ms
[2022-05-10 18:45:57.441 +05:30 INF] Request starting HTTP/2 GET https://localhost:7241/swagger/v1/swagger.json - -
[2022-05-10 18:45:57.553 +05:30 INF] Request finished HTTP/2 GET https://localhost:7241/swagger/v1/swagger.json - - - 200 - application/json;charset=utf-8 111.2295ms
[2022-05-10 18:48:20.019 +05:30 INF] Request starting HTTP/2 POST https://localhost:7241/PersonalService/AddSocialMedia application/json 263
[2022-05-10 18:48:20.024 +05:30 INF] Executing endpoint 'Profile65.PersonalServiceController.AddSocialMedia (Profile65)'
[2022-05-10 18:48:20.044 +05:30 INF] Route matched with {action = "AddSocialMedia", controller = "PersonalService"}. Executing controller action with signature Microsoft.AspNetCore.Mvc.IActionResult AddSocialMedia(Profile65.Models.SocialMedia) on controller Profile65.PersonalServiceController (Profile65).
[2022-05-10 18:48:20.197 +05:30 INF] Executing BadRequestObjectResult, writing value of type 'Microsoft.AspNetCore.Mvc.ValidationProblemDetails'.
[2022-05-10 18:48:20.208 +05:30 INF] Executed action Profile65.PersonalServiceController.AddSocialMedia (Profile65) in 154.8425ms
[2022-05-10 18:48:20.209 +05:30 INF] Executed endpoint 'Profile65.PersonalServiceController.AddSocialMedia (Profile65)'
[2022-05-10 18:48:20.209 +05:30 INF] Request finished HTTP/2 POST https://localhost:7241/PersonalService/AddSocialMedia application/json 263 - 400 - application/problem+json;+charset=utf-8 190.8531ms
[2022-05-10 18:54:36.592 +05:30 INF] Request starting HTTP/2 GET https://localhost:7241/PersonalService/GetallPersonalDetails - -
[2022-05-10 18:54:36.600 +05:30 INF] Executing endpoint 'Profile65.PersonalServiceController.GetallPersonalDetails (Profile65)'
[2022-05-10 18:54:36.606 +05:30 INF] Route matched with {action = "GetallPersonalDetails", controller = "PersonalService"}. Executing controller action with signature Microsoft.AspNetCore.Mvc.IActionResult GetallPersonalDetails() on controller Profile65.PersonalServiceController (Profile65).
[2022-05-10 18:54:38.157 +05:30 INF] Executing OkObjectResult, writing value of type 'System.Linq.Enumerable+WhereListIterator`1[[Profile65.Models.PersonalDetails, Profile65, Version=1.0.0.0, Culture=neutral, PublicKeyToken=null]]'.
[2022-05-10 18:54:38.159 +05:30 INF] Executed action Profile65.PersonalServiceController.GetallPersonalDetails (Profile65) in 1552.5057ms
[2022-05-10 18:54:38.160 +05:30 INF] Executed endpoint 'Profile65.PersonalServiceController.GetallPersonalDetails (Profile65)'
[2022-05-10 18:54:38.160 +05:30 INF] Request finished HTTP/2 GET https://localhost:7241/PersonalService/GetallPersonalDetails - - - 200 - application/json;+charset=utf-8 1568.6050ms
[2022-05-10 19:27:09.183 +05:30 INF] Now listening on: https://localhost:7241
[2022-05-10 19:27:09.217 +05:30 INF] Now listening on: http://localhost:5111
[2022-05-10 19:27:09.223 +05:30 INF] Application started. Press Ctrl+C to shut down.
[2022-05-10 19:27:09.224 +05:30 INF] Hosting environment: Development
[2022-05-10 19:27:09.224 +05:30 INF] Content root path: C:\Users\nagaraj.kanagaraj\OneDrive\Profile65\
