[2022-05-12 10:02:09.468 +05:30 INF] Now listening on: https://localhost:7241
[2022-05-12 10:02:09.496 +05:30 INF] Now listening on: http://localhost:5111
[2022-05-12 10:02:09.502 +05:30 INF] Application started. Press Ctrl+C to shut down.
[2022-05-12 10:02:09.502 +05:30 INF] Hosting environment: Development
[2022-05-12 10:02:09.502 +05:30 INF] Content root path: D:\Profile65\
[2022-05-12 10:02:09.999 +05:30 INF] Request starting HTTP/2 GET https://localhost:7241/ - -
[2022-05-12 10:02:10.068 +05:30 INF] Request finished HTTP/2 GET https://localhost:7241/ - - - 404 0 - 73.3930ms
[2022-05-12 10:02:10.092 +05:30 INF] Request starting HTTP/2 GET https://localhost:7241/favicon.ico - -
[2022-05-12 10:02:10.092 +05:30 INF] Request finished HTTP/2 GET https://localhost:7241/favicon.ico - - - 0 - - 0.4558ms
[2022-05-12 10:02:13.608 +05:30 INF] Request starting HTTP/2 GET https://localhost:7241/swagger/ - -
[2022-05-12 10:02:13.609 +05:30 INF] Request finished HTTP/2 GET https://localhost:7241/swagger/ - - - 0 - - 0.7819ms
[2022-05-12 10:02:13.613 +05:30 INF] Request starting HTTP/2 GET https://localhost:7241/swagger/index.html - -
[2022-05-12 10:02:13.662 +05:30 INF] Request finished HTTP/2 GET https://localhost:7241/swagger/index.html - - - 200 - text/html;charset=utf-8 48.6215ms
[2022-05-12 10:02:13.809 +05:30 INF] Request starting HTTP/2 GET https://localhost:7241/swagger/favicon-16x16.png - -
[2022-05-12 10:02:13.817 +05:30 INF] Sending file. Request path: '/favicon-16x16.png'. Physical path: 'N/A'
[2022-05-12 10:02:13.817 +05:30 INF] Request finished HTTP/2 GET https://localhost:7241/swagger/favicon-16x16.png - - - 200 665 image/png 8.5654ms
[2022-05-12 10:02:13.840 +05:30 INF] Request starting HTTP/2 GET https://localhost:7241/swagger/v1/swagger.json - -
[2022-05-12 10:02:13.931 +05:30 INF] Request finished HTTP/2 GET https://localhost:7241/swagger/v1/swagger.json - - - 200 - application/json;charset=utf-8 91.0037ms
[2022-05-12 10:08:09.936 +05:30 INF] Entity Framework Core 6.0.4 initialized 'Context' using provider 'Microsoft.EntityFrameworkCore.SqlServer:6.0.4' with options: None
[2022-05-12 10:10:00.320 +05:30 INF] Entity Framework Core 6.0.4 initialized 'Context' using provider 'Microsoft.EntityFrameworkCore.SqlServer:6.0.4' with options: None
[2022-05-12 10:10:34.827 +05:30 INF] Entity Framework Core 6.0.4 initialized 'Context' using provider 'Microsoft.EntityFrameworkCore.SqlServer:6.0.4' with options: None
[2022-05-12 10:10:35.195 +05:30 INF] Executed DbCommand (14ms) [Parameters=[], CommandType='"Text"', CommandTimeout='30']
SELECT 1
[2022-05-12 10:10:35.230 +05:30 INF] Executed DbCommand (17ms) [Parameters=[], CommandType='"Text"', CommandTimeout='30']
SELECT OBJECT_ID(N'[__EFMigrationsHistory]');
[2022-05-12 10:10:35.234 +05:30 INF] Executed DbCommand (1ms) [Parameters=[], CommandType='"Text"', CommandTimeout='30']
SELECT 1
[2022-05-12 10:10:35.235 +05:30 INF] Executed DbCommand (1ms) [Parameters=[], CommandType='"Text"', CommandTimeout='30']
SELECT OBJECT_ID(N'[__EFMigrationsHistory]');
[2022-05-12 10:10:35.262 +05:30 INF] Executed DbCommand (1ms) [Parameters=[], CommandType='"Text"', CommandTimeout='30']
SELECT [MigrationId], [ProductVersion]
FROM [__EFMigrationsHistory]
ORDER BY [MigrationId];
[2022-05-12 10:10:35.291 +05:30 INF] Applying migration '20220512044000_updateoperation'.
[2022-05-12 10:32:50.232 +05:30 INF] Entity Framework Core 6.0.4 initialized 'Context' using provider 'Microsoft.EntityFrameworkCore.SqlServer:6.0.4' with options: None
[2022-05-12 10:33:33.549 +05:30 INF] Entity Framework Core 6.0.4 initialized 'Context' using provider 'Microsoft.EntityFrameworkCore.SqlServer:6.0.4' with options: None
[2022-05-12 10:33:33.854 +05:30 INF] Executed DbCommand (16ms) [Parameters=[], CommandType='"Text"', CommandTimeout='30']
SELECT 1
[2022-05-12 10:33:33.888 +05:30 INF] Executed DbCommand (21ms) [Parameters=[], CommandType='"Text"', CommandTimeout='30']
SELECT OBJECT_ID(N'[__EFMigrationsHistory]');
[2022-05-12 10:33:33.893 +05:30 INF] Executed DbCommand (2ms) [Parameters=[], CommandType='"Text"', CommandTimeout='30']
SELECT 1
[2022-05-12 10:33:33.894 +05:30 INF] Executed DbCommand (1ms) [Parameters=[], CommandType='"Text"', CommandTimeout='30']
SELECT OBJECT_ID(N'[__EFMigrationsHistory]');
[2022-05-12 10:33:33.921 +05:30 INF] Executed DbCommand (1ms) [Parameters=[], CommandType='"Text"', CommandTimeout='30']
SELECT [MigrationId], [ProductVersion]
FROM [__EFMigrationsHistory]
ORDER BY [MigrationId];
[2022-05-12 10:33:33.949 +05:30 INF] Applying migration '20220512050250_foreignkey_added'.
[2022-05-12 10:33:34.069 +05:30 INF] Executed DbCommand (36ms) [Parameters=[], CommandType='"Text"', CommandTimeout='30']
DECLARE @var0 sysname;
SELECT @var0 = [d].[name]
FROM [sys].[default_constraints] [d]
INNER JOIN [sys].[columns] [c] ON [d].[parent_column_id] = [c].[column_id] AND [d].[parent_object_id] = [c].[object_id]
WHERE ([d].[parent_object_id] = OBJECT_ID(N'[personalDetails]') AND [c].[name] = N'CreatedBy');
IF @var0 IS NOT NULL EXEC(N'ALTER TABLE [personalDetails] DROP CONSTRAINT [' + @var0 + '];');
ALTER TABLE [personalDetails] ALTER COLUMN [CreatedBy] int NULL;
[2022-05-12 10:33:34.072 +05:30 INF] Executed DbCommand (2ms) [Parameters=[], CommandType='"Text"', CommandTimeout='30']
INSERT INTO [__EFMigrationsHistory] ([MigrationId], [ProductVersion])
VALUES (N'20220512050250_foreignkey_added', N'6.0.4');
[2022-05-12 10:37:11.318 +05:30 INF] Entity Framework Core 6.0.4 initialized 'Context' using provider 'Microsoft.EntityFrameworkCore.SqlServer:6.0.4' with options: None
[2022-05-12 10:37:25.288 +05:30 INF] Entity Framework Core 6.0.4 initialized 'Context' using provider 'Microsoft.EntityFrameworkCore.SqlServer:6.0.4' with options: None
[2022-05-12 10:37:25.564 +05:30 INF] Executed DbCommand (14ms) [Parameters=[], CommandType='"Text"', CommandTimeout='30']
SELECT 1
[2022-05-12 10:37:25.596 +05:30 INF] Executed DbCommand (17ms) [Parameters=[], CommandType='"Text"', CommandTimeout='30']
SELECT OBJECT_ID(N'[__EFMigrationsHistory]');
[2022-05-12 10:37:25.600 +05:30 INF] Executed DbCommand (1ms) [Parameters=[], CommandType='"Text"', CommandTimeout='30']
SELECT 1
[2022-05-12 10:37:25.601 +05:30 INF] Executed DbCommand (0ms) [Parameters=[], CommandType='"Text"', CommandTimeout='30']
SELECT OBJECT_ID(N'[__EFMigrationsHistory]');
[2022-05-12 10:37:25.630 +05:30 INF] Executed DbCommand (1ms) [Parameters=[], CommandType='"Text"', CommandTimeout='30']
SELECT [MigrationId], [ProductVersion]
FROM [__EFMigrationsHistory]
ORDER BY [MigrationId];
[2022-05-12 10:37:25.654 +05:30 INF] Applying migration '20220512050711_technology,organisation'.
[2022-05-12 10:37:25.725 +05:30 INF] Executed DbCommand (2ms) [Parameters=[], CommandType='"Text"', CommandTimeout='30']
INSERT INTO [__EFMigrationsHistory] ([MigrationId], [ProductVersion])
VALUES (N'20220512050711_technology,organisation', N'6.0.4');
[2022-05-12 10:42:45.318 +05:30 INF] Entity Framework Core 6.0.4 initialized 'Context' using provider 'Microsoft.EntityFrameworkCore.SqlServer:6.0.4' with options: None
[2022-05-12 10:43:12.926 +05:30 INF] Entity Framework Core 6.0.4 initialized 'Context' using provider 'Microsoft.EntityFrameworkCore.SqlServer:6.0.4' with options: None
[2022-05-12 10:43:13.215 +05:30 INF] Executed DbCommand (16ms) [Parameters=[], CommandType='"Text"', CommandTimeout='30']
SELECT 1
[2022-05-12 10:43:13.248 +05:30 INF] Executed DbCommand (13ms) [Parameters=[], CommandType='"Text"', CommandTimeout='30']
SELECT OBJECT_ID(N'[__EFMigrationsHistory]');
[2022-05-12 10:43:13.251 +05:30 INF] Executed DbCommand (2ms) [Parameters=[], CommandType='"Text"', CommandTimeout='30']
SELECT 1
[2022-05-12 10:43:13.371 +05:30 INF] Executed DbCommand (4ms) [Parameters=[], CommandType='"Text"', CommandTimeout='30']
CREATE TABLE [__EFMigrationsHistory] (
    [MigrationId] nvarchar(150) NOT NULL,
    [ProductVersion] nvarchar(32) NOT NULL,
    CONSTRAINT [PK___EFMigrationsHistory] PRIMARY KEY ([MigrationId])
);
[2022-05-12 10:43:13.373 +05:30 INF] Executed DbCommand (0ms) [Parameters=[], CommandType='"Text"', CommandTimeout='30']
SELECT 1
[2022-05-12 10:43:13.374 +05:30 INF] Executed DbCommand (1ms) [Parameters=[], CommandType='"Text"', CommandTimeout='30']
SELECT OBJECT_ID(N'[__EFMigrationsHistory]');
[2022-05-12 10:43:13.377 +05:30 INF] Executed DbCommand (1ms) [Parameters=[], CommandType='"Text"', CommandTimeout='30']
SELECT [MigrationId], [ProductVersion]
FROM [__EFMigrationsHistory]
ORDER BY [MigrationId];
[2022-05-12 10:43:13.399 +05:30 INF] Applying migration '20220512051245_foreignkey_added_in_model'.
[2022-05-12 10:43:13.460 +05:30 INF] Executed DbCommand (2ms) [Parameters=[], CommandType='"Text"', CommandTimeout='30']
INSERT INTO [__EFMigrationsHistory] ([MigrationId], [ProductVersion])
VALUES (N'20220512051245_foreignkey_added_in_model', N'6.0.4');
[2022-05-12 10:43:57.460 +05:30 INF] Entity Framework Core 6.0.4 initialized 'Context' using provider 'Microsoft.EntityFrameworkCore.SqlServer:6.0.4' with options: None
[2022-05-12 10:44:06.155 +05:30 INF] Entity Framework Core 6.0.4 initialized 'Context' using provider 'Microsoft.EntityFrameworkCore.SqlServer:6.0.4' with options: None
[2022-05-12 10:44:06.446 +05:30 INF] Executed DbCommand (14ms) [Parameters=[], CommandType='"Text"', CommandTimeout='30']
SELECT 1
[2022-05-12 10:44:06.476 +05:30 INF] Executed DbCommand (16ms) [Parameters=[], CommandType='"Text"', CommandTimeout='30']
SELECT OBJECT_ID(N'[__EFMigrationsHistory]');
[2022-05-12 10:44:06.480 +05:30 INF] Executed DbCommand (1ms) [Parameters=[], CommandType='"Text"', CommandTimeout='30']
SELECT 1
[2022-05-12 10:44:06.482 +05:30 INF] Executed DbCommand (1ms) [Parameters=[], CommandType='"Text"', CommandTimeout='30']
SELECT OBJECT_ID(N'[__EFMigrationsHistory]');
[2022-05-12 10:44:06.507 +05:30 INF] Executed DbCommand (2ms) [Parameters=[], CommandType='"Text"', CommandTimeout='30']
SELECT [MigrationId], [ProductVersion]
FROM [__EFMigrationsHistory]
ORDER BY [MigrationId];
[2022-05-12 10:44:06.530 +05:30 INF] Applying migration '20220512051357_foreignkey_added_in_model'.
[2022-05-12 10:44:06.632 +05:30 INF] Executed DbCommand (2ms) [Parameters=[], CommandType='"Text"', CommandTimeout='30']
CREATE TABLE [breakDurations] (
    [BreakDuration_Id] int NOT NULL IDENTITY,
    [StartingBreakMonth] nvarchar(max) NULL,
    [StartingBreakYear] int NULL,
    [EndingBreakMonth] nvarchar(max) NULL,
    [EndingBreakYear] int NULL,
    [CreatedOn] datetime2 NULL,
    [CreatedBy] int NULL,
    [UpdatedOn] datetime2 NULL,
    [UpdatedBy] int NULL,
    [IsActive] bit NOT NULL,
    CONSTRAINT [PK_breakDurations] PRIMARY KEY ([BreakDuration_Id])
);
[2022-05-12 10:44:06.635 +05:30 INF] Executed DbCommand (3ms) [Parameters=[], CommandType='"Text"', CommandTimeout='30']
CREATE TABLE [colleges] (
    [CollegeId] int NOT NULL IDENTITY,
    [CollegeName] nvarchar(80) NOT NULL,
    [IsActive] bit NOT NULL,
    CONSTRAINT [PK_colleges] PRIMARY KEY ([CollegeId])
);
[2022-05-12 10:44:06.637 +05:30 INF] Executed DbCommand (2ms) [Parameters=[], CommandType='"Text"', CommandTimeout='30']
CREATE TABLE [designations] (
    [DesignationId] int NOT NULL IDENTITY,
    [DesignationName] nvarchar(80) NOT NULL,
    [IsActive] bit NOT NULL,
    CONSTRAINT [PK_designations] PRIMARY KEY ([DesignationId])
);
[2022-05-12 10:44:06.640 +05:30 INF] Executed DbCommand (2ms) [Parameters=[], CommandType='"Text"', CommandTimeout='30']
CREATE TABLE [genders] (
    [GenderId] int NOT NULL IDENTITY,
    [GenderName] nvarchar(max) NOT NULL,
    [IsActive] bit NOT NULL,
    CONSTRAINT [PK_genders] PRIMARY KEY ([GenderId])
);
[2022-05-12 10:44:06.643 +05:30 INF] Executed DbCommand (3ms) [Parameters=[], CommandType='"Text"', CommandTimeout='30']
CREATE TABLE [languages] (
    [LanguageId] int NOT NULL IDENTITY,
    [LanguageName] nvarchar(max) NOT NULL,
    [Read] bit NOT NULL,
    [Write] bit NOT NULL,
    [Speak] bit NOT NULL,
    [PersonalDetailsId] int NOT NULL,
    [CreatedOn] datetime2 NULL,
    [CreatedBy] int NULL,
    [UpdatedOn] datetime2 NULL,
    [UpdatedBy] int NULL,
    [IsActive] bit NOT NULL,
    CONSTRAINT [PK_languages] PRIMARY KEY ([LanguageId])
);
[2022-05-12 10:44:06.651 +05:30 INF] Executed DbCommand (6ms) [Parameters=[], CommandType='"Text"', CommandTimeout='30']
CREATE TABLE [organisations] (
    [OrganisationId] int NOT NULL IDENTITY,
    [OrganisationName] nvarchar(max) NOT NULL,
    [IsActive] bit NOT NULL,
    CONSTRAINT [PK_organisations] PRIMARY KEY ([OrganisationId])
);
[2022-05-12 10:44:06.654 +05:30 INF] Executed DbCommand (3ms) [Parameters=[], CommandType='"Text"', CommandTimeout='30']
CREATE TABLE [socialMedias] (
    [SocialMedia_Id] int NOT NULL IDENTITY,
    [SocialMedia_Name] nvarchar(max) NOT NULL,
    [SocialMedia_Link] nvarchar(max) NOT NULL,
    [PersonalDetailsId] int NOT NULL,
    [CreatedOn] datetime2 NULL,
    [CreatedBy] int NULL,
    [UpdatedOn] datetime2 NULL,
    [UpdatedBy] int NULL,
    [IsActive] bit NOT NULL,
    CONSTRAINT [PK_socialMedias] PRIMARY KEY ([SocialMedia_Id])
);
[2022-05-12 10:44:06.658 +05:30 INF] Executed DbCommand (4ms) [Parameters=[], CommandType='"Text"', CommandTimeout='30']
CREATE TABLE [Technology] (
    [TechnologyId] int NOT NULL IDENTITY,
    [TechnologyName] nvarchar(max) NOT NULL,
    [IsActive] bit NOT NULL,
    CONSTRAINT [PK_Technology] PRIMARY KEY ([TechnologyId])
);
[2022-05-12 10:44:06.668 +05:30 INF] Executed DbCommand (10ms) [Parameters=[], CommandType='"Text"', CommandTimeout='30']
CREATE TABLE [users] (
    [UserId] int NOT NULL IDENTITY,
    [Name] nvarchar(max) NOT NULL,
    [Email] nvarchar(max) NOT NULL,
    [UserName] nvarchar(max) NOT NULL,
    [Password] nvarchar(max) NOT NULL,
    [MobileNumber] bigint NOT NULL,
    [DesignationId] int NOT NULL,
    [ReportingPerson] nvarchar(max) NOT NULL,
    [OrganisationId] int NOT NULL,
    [GenderId] int NOT NULL,
    [IsActive] bit NOT NULL,
    [CreatedBy] nvarchar(max) NULL,
    [CreatedOn] datetime2 NULL,
    [UpdatedBy] int NULL,
    [UpdatedOn] datetime2 NULL,
    CONSTRAINT [PK_users] PRIMARY KEY ([UserId]),
    CONSTRAINT [FK_users_designations_DesignationId] FOREIGN KEY ([DesignationId]) REFERENCES [designations] ([DesignationId]) ON DELETE CASCADE,
    CONSTRAINT [FK_users_genders_GenderId] FOREIGN KEY ([GenderId]) REFERENCES [genders] ([GenderId]) ON DELETE CASCADE,
    CONSTRAINT [FK_users_organisations_OrganisationId] FOREIGN KEY ([OrganisationId]) REFERENCES [organisations] ([OrganisationId]) ON DELETE CASCADE
);
[2022-05-12 10:44:06.674 +05:30 INF] Executed DbCommand (5ms) [Parameters=[], CommandType='"Text"', CommandTimeout='30']
CREATE TABLE [domains] (
    [DomainId] int NOT NULL IDENTITY,
    [DomainName] nvarchar(80) NOT NULL,
    [TechnologyId] int NOT NULL,
    [IsActive] bit NOT NULL,
    CONSTRAINT [PK_domains] PRIMARY KEY ([DomainId]),
    CONSTRAINT [FK_domains_Technology_TechnologyId] FOREIGN KEY ([TechnologyId]) REFERENCES [Technology] ([TechnologyId]) ON DELETE CASCADE
);
[2022-05-12 10:44:06.679 +05:30 INF] Executed DbCommand (5ms) [Parameters=[], CommandType='"Text"', CommandTimeout='30']
CREATE TABLE [personalDetails] (
    [PersonalDetailsId] int NOT NULL IDENTITY,
    [Objective] nvarchar(max) NOT NULL,
    [DateOfBirth] datetime2 NOT NULL,
    [Nationality] nvarchar(max) NOT NULL,
    [DateOfJoining] datetime2 NOT NULL,
    [CreatedOn] datetime2 NULL,
    [CreatedBy] int NULL,
    [UpdatedOn] datetime2 NULL,
    [languageid] int NOT NULL,
    [breakDurationid] int NOT NULL,
    [socialmediaid] int NOT NULL,
    [UpdatedBy] int NULL,
    [UserId] int NOT NULL,
    [IsActive] bit NOT NULL,
    CONSTRAINT [PK_personalDetails] PRIMARY KEY ([PersonalDetailsId]),
    CONSTRAINT [FK_personalDetails_breakDurations_breakDurationid] FOREIGN KEY ([breakDurationid]) REFERENCES [breakDurations] ([BreakDuration_Id]) ON DELETE CASCADE,
    CONSTRAINT [FK_personalDetails_languages_languageid] FOREIGN KEY ([languageid]) REFERENCES [languages] ([LanguageId]) ON DELETE CASCADE,
    CONSTRAINT [FK_personalDetails_socialMedias_socialmediaid] FOREIGN KEY ([socialmediaid]) REFERENCES [socialMedias] ([SocialMedia_Id]) ON DELETE CASCADE,
    CONSTRAINT [FK_personalDetails_users_UserId] FOREIGN KEY ([UserId]) REFERENCES [users] ([UserId]) ON DELETE CASCADE
);
[2022-05-12 10:44:06.690 +05:30 INF] Executed DbCommand (11ms) [Parameters=[], CommandType='"Text"', CommandTimeout='30']
CREATE TABLE [educations] (
    [EducationId] int NOT NULL IDENTITY,
    [Degree] nvarchar(max) NOT NULL,
    [Course] nvarchar(max) NOT NULL,
    [College] nvarchar(max) NOT NULL,
    [Starting] int NULL,
    [Ending] int NULL,
    [Percentage] real NOT NULL,
    [personaldetailsid] int NOT NULL,
    [collegeid] int NOT NULL,
    [CreatedOn] datetime2 NULL,
    [CreatedBy] int NULL,
    [UpdatedOn] datetime2 NULL,
    [UpdatedBy] int NULL,
    [IsActive] bit NOT NULL,
    CONSTRAINT [PK_educations] PRIMARY KEY ([EducationId]),
    CONSTRAINT [FK_educations_colleges_collegeid] FOREIGN KEY ([collegeid]) REFERENCES [colleges] ([CollegeId]) ON DELETE CASCADE,
    CONSTRAINT [FK_educations_personalDetails_personaldetailsid] FOREIGN KEY ([personaldetailsid]) REFERENCES [personalDetails] ([PersonalDetailsId]) ON DELETE CASCADE
);
[2022-05-12 10:44:06.698 +05:30 INF] Executed DbCommand (6ms) [Parameters=[], CommandType='"Text"', CommandTimeout='30']
CREATE TABLE [projects] (
    [ProjectId] int NOT NULL IDENTITY,
    [ProjectName] nvarchar(max) NOT NULL,
    [ProjectDescription] nvarchar(max) NOT NULL,
    [StartingMonth] nvarchar(max) NULL,
    [StartingYear] int NULL,
    [EndingMonth] nvarchar(max) NULL,
    [EndingYear] int NULL,
    [PersonalDetailsId] int NOT NULL,
    [Designation] nvarchar(max) NOT NULL,
    [ToolsUsed] nvarchar(max) NOT NULL,
    [CreatedOn] datetime2 NULL,
    [CreatedBy] int NULL,
    [UpdatedOn] datetime2 NULL,
    [UpdatedBy] int NULL,
    [IsActive] bit NOT NULL,
    CONSTRAINT [PK_projects] PRIMARY KEY ([ProjectId]),
    CONSTRAINT [FK_projects_personalDetails_PersonalDetailsId] FOREIGN KEY ([PersonalDetailsId]) REFERENCES [personalDetails] ([PersonalDetailsId]) ON DELETE CASCADE
);
[2022-05-12 10:44:06.706 +05:30 INF] Executed DbCommand (8ms) [Parameters=[], CommandType='"Text"', CommandTimeout='30']
CREATE TABLE [skills] (
    [SkillId] int NOT NULL IDENTITY,
    [DomainId] int NOT NULL,
    [PersonalDetailsId] int NOT NULL,
    [CreatedOn] datetime2 NULL,
    [CreatedBy] int NULL,
    [UpdatedOn] datetime2 NULL,
    [UpdatedBy] int NULL,
    [IsActive] bit NOT NULL,
    CONSTRAINT [PK_skills] PRIMARY KEY ([SkillId]),
    CONSTRAINT [FK_skills_domains_DomainId] FOREIGN KEY ([DomainId]) REFERENCES [domains] ([DomainId]) ON DELETE CASCADE,
    CONSTRAINT [FK_skills_personalDetails_PersonalDetailsId] FOREIGN KEY ([PersonalDetailsId]) REFERENCES [personalDetails] ([PersonalDetailsId]) ON DELETE CASCADE
);
[2022-05-12 10:44:06.711 +05:30 INF] Executed DbCommand (4ms) [Parameters=[], CommandType='"Text"', CommandTimeout='30']
CREATE INDEX [IX_domains_TechnologyId] ON [domains] ([TechnologyId]);
[2022-05-12 10:44:06.715 +05:30 INF] Executed DbCommand (4ms) [Parameters=[], CommandType='"Text"', CommandTimeout='30']
CREATE INDEX [IX_educations_collegeid] ON [educations] ([collegeid]);
[2022-05-12 10:44:06.719 +05:30 INF] Executed DbCommand (4ms) [Parameters=[], CommandType='"Text"', CommandTimeout='30']
CREATE INDEX [IX_educations_personaldetailsid] ON [educations] ([personaldetailsid]);
[2022-05-12 10:44:06.721 +05:30 INF] Executed DbCommand (2ms) [Parameters=[], CommandType='"Text"', CommandTimeout='30']
CREATE INDEX [IX_personalDetails_breakDurationid] ON [personalDetails] ([breakDurationid]);
[2022-05-12 10:44:06.722 +05:30 INF] Executed DbCommand (1ms) [Parameters=[], CommandType='"Text"', CommandTimeout='30']
CREATE INDEX [IX_personalDetails_languageid] ON [personalDetails] ([languageid]);
[2022-05-12 10:44:06.724 +05:30 INF] Executed DbCommand (1ms) [Parameters=[], CommandType='"Text"', CommandTimeout='30']
CREATE INDEX [IX_personalDetails_socialmediaid] ON [personalDetails] ([socialmediaid]);
[2022-05-12 10:44:06.725 +05:30 INF] Executed DbCommand (1ms) [Parameters=[], CommandType='"Text"', CommandTimeout='30']
CREATE UNIQUE INDEX [IX_personalDetails_UserId] ON [personalDetails] ([UserId]);
[2022-05-12 10:44:06.726 +05:30 INF] Executed DbCommand (1ms) [Parameters=[], CommandType='"Text"', CommandTimeout='30']
CREATE INDEX [IX_projects_PersonalDetailsId] ON [projects] ([PersonalDetailsId]);
[2022-05-12 10:44:06.729 +05:30 INF] Executed DbCommand (2ms) [Parameters=[], CommandType='"Text"', CommandTimeout='30']
CREATE INDEX [IX_skills_DomainId] ON [skills] ([DomainId]);
[2022-05-12 10:44:06.730 +05:30 INF] Executed DbCommand (1ms) [Parameters=[], CommandType='"Text"', CommandTimeout='30']
CREATE INDEX [IX_skills_PersonalDetailsId] ON [skills] ([PersonalDetailsId]);
[2022-05-12 10:44:06.731 +05:30 INF] Executed DbCommand (1ms) [Parameters=[], CommandType='"Text"', CommandTimeout='30']
CREATE INDEX [IX_users_DesignationId] ON [users] ([DesignationId]);
[2022-05-12 10:44:06.734 +05:30 INF] Executed DbCommand (2ms) [Parameters=[], CommandType='"Text"', CommandTimeout='30']
CREATE INDEX [IX_users_GenderId] ON [users] ([GenderId]);
[2022-05-12 10:44:06.737 +05:30 INF] Executed DbCommand (2ms) [Parameters=[], CommandType='"Text"', CommandTimeout='30']
CREATE INDEX [IX_users_OrganisationId] ON [users] ([OrganisationId]);
[2022-05-12 10:44:06.740 +05:30 INF] Executed DbCommand (3ms) [Parameters=[], CommandType='"Text"', CommandTimeout='30']
INSERT INTO [__EFMigrationsHistory] ([MigrationId], [ProductVersion])
VALUES (N'20220512051357_foreignkey_added_in_model', N'6.0.4');
[2022-05-12 10:45:24.633 +05:30 INF] Now listening on: https://localhost:7241
[2022-05-12 10:45:24.659 +05:30 INF] Now listening on: http://localhost:5111
[2022-05-12 10:45:24.665 +05:30 INF] Application started. Press Ctrl+C to shut down.
[2022-05-12 10:45:24.665 +05:30 INF] Hosting environment: Development
[2022-05-12 10:45:24.665 +05:30 INF] Content root path: D:\Profile65\
[2022-05-12 10:45:31.129 +05:30 INF] Request starting HTTP/2 GET https://localhost:7241/ - -
[2022-05-12 10:45:31.246 +05:30 INF] Request finished HTTP/2 GET https://localhost:7241/ - - - 404 0 - 119.7729ms
[2022-05-12 10:45:31.326 +05:30 INF] Request starting HTTP/2 GET https://localhost:7241/favicon.ico - -
[2022-05-12 10:45:31.326 +05:30 INF] Request finished HTTP/2 GET https://localhost:7241/favicon.ico - - - 0 - - 0.5378ms
[2022-05-12 10:45:35.876 +05:30 INF] Request starting HTTP/2 GET https://localhost:7241/swagger/ - -
[2022-05-12 10:45:35.879 +05:30 INF] Request finished HTTP/2 GET https://localhost:7241/swagger/ - - - 301 0 - 2.9485ms
[2022-05-12 10:45:35.879 +05:30 INF] Request starting HTTP/2 GET https://localhost:7241/swagger/index.html - -
[2022-05-12 10:45:35.928 +05:30 INF] Request finished HTTP/2 GET https://localhost:7241/swagger/index.html - - - 200 - text/html;charset=utf-8 49.2327ms
[2022-05-12 10:45:35.965 +05:30 INF] Request starting HTTP/2 GET https://localhost:7241/swagger/swagger-ui.css - -
[2022-05-12 10:45:36.002 +05:30 INF] Sending file. Request path: '/swagger-ui.css'. Physical path: 'N/A'
[2022-05-12 10:45:36.005 +05:30 INF] Request finished HTTP/2 GET https://localhost:7241/swagger/swagger-ui.css - - - 0 143632 text/css 39.3770ms
[2022-05-12 10:45:36.077 +05:30 INF] Request starting HTTP/2 GET https://localhost:7241/swagger/favicon-16x16.png - -
[2022-05-12 10:45:36.078 +05:30 INF] Sending file. Request path: '/favicon-16x16.png'. Physical path: 'N/A'
[2022-05-12 10:45:36.078 +05:30 INF] Request finished HTTP/2 GET https://localhost:7241/swagger/favicon-16x16.png - - - 200 665 image/png 1.1682ms
[2022-05-12 10:45:36.107 +05:30 INF] Request starting HTTP/2 GET https://localhost:7241/swagger/v1/swagger.json - -
[2022-05-12 10:45:36.200 +05:30 INF] Request finished HTTP/2 GET https://localhost:7241/swagger/v1/swagger.json - - - 200 - application/json;charset=utf-8 92.4822ms
[2022-05-12 14:24:46.906 +05:30 INF] Entity Framework Core 6.0.4 initialized 'Context' using provider 'Microsoft.EntityFrameworkCore.SqlServer:6.0.4' with options: None
[2022-05-12 14:24:59.556 +05:30 INF] Entity Framework Core 6.0.4 initialized 'Context' using provider 'Microsoft.EntityFrameworkCore.SqlServer:6.0.4' with options: None
[2022-05-12 14:24:59.871 +05:30 INF] Executed DbCommand (16ms) [Parameters=[], CommandType='"Text"', CommandTimeout='30']
SELECT 1
[2022-05-12 14:24:59.903 +05:30 INF] Executed DbCommand (14ms) [Parameters=[], CommandType='"Text"', CommandTimeout='30']
SELECT OBJECT_ID(N'[__EFMigrationsHistory]');
[2022-05-12 14:24:59.906 +05:30 INF] Executed DbCommand (1ms) [Parameters=[], CommandType='"Text"', CommandTimeout='30']
SELECT 1
[2022-05-12 14:25:00.031 +05:30 INF] Executed DbCommand (2ms) [Parameters=[], CommandType='"Text"', CommandTimeout='30']
CREATE TABLE [__EFMigrationsHistory] (
    [MigrationId] nvarchar(150) NOT NULL,
    [ProductVersion] nvarchar(32) NOT NULL,
    CONSTRAINT [PK___EFMigrationsHistory] PRIMARY KEY ([MigrationId])
);
[2022-05-12 14:25:00.033 +05:30 INF] Executed DbCommand (1ms) [Parameters=[], CommandType='"Text"', CommandTimeout='30']
SELECT 1
[2022-05-12 14:25:00.035 +05:30 INF] Executed DbCommand (2ms) [Parameters=[], CommandType='"Text"', CommandTimeout='30']
SELECT OBJECT_ID(N'[__EFMigrationsHistory]');
[2022-05-12 14:25:00.038 +05:30 INF] Executed DbCommand (1ms) [Parameters=[], CommandType='"Text"', CommandTimeout='30']
SELECT [MigrationId], [ProductVersion]
FROM [__EFMigrationsHistory]
ORDER BY [MigrationId];
[2022-05-12 14:25:00.070 +05:30 INF] Applying migration '20220512085447_ForeignKeyAddedInModel'.
[2022-05-12 14:25:00.170 +05:30 INF] Executed DbCommand (2ms) [Parameters=[], CommandType='"Text"', CommandTimeout='30']
CREATE TABLE [breakDurations] (
    [BreakDuration_Id] int NOT NULL IDENTITY,
    [StartingBreakMonth] nvarchar(max) NULL,
    [StartingBreakYear] int NULL,
    [EndingBreakMonth] nvarchar(max) NULL,
    [EndingBreakYear] int NULL,
    [CreatedOn] datetime2 NULL,
    [CreatedBy] int NULL,
    [UpdatedOn] datetime2 NULL,
    [UpdatedBy] int NULL,
    [IsActive] bit NOT NULL,
    CONSTRAINT [PK_breakDurations] PRIMARY KEY ([BreakDuration_Id])
);
[2022-05-12 14:25:00.174 +05:30 INF] Executed DbCommand (4ms) [Parameters=[], CommandType='"Text"', CommandTimeout='30']
CREATE TABLE [colleges] (
    [CollegeId] int NOT NULL IDENTITY,
    [CollegeName] nvarchar(80) NOT NULL,
    [IsActive] bit NOT NULL,
    CONSTRAINT [PK_colleges] PRIMARY KEY ([CollegeId])
);
[2022-05-12 14:25:00.177 +05:30 INF] Executed DbCommand (3ms) [Parameters=[], CommandType='"Text"', CommandTimeout='30']
CREATE TABLE [designations] (
    [DesignationId] int NOT NULL IDENTITY,
    [DesignationName] nvarchar(80) NOT NULL,
    [IsActive] bit NOT NULL,
    CONSTRAINT [PK_designations] PRIMARY KEY ([DesignationId])
);
[2022-05-12 14:25:00.180 +05:30 INF] Executed DbCommand (3ms) [Parameters=[], CommandType='"Text"', CommandTimeout='30']
CREATE TABLE [genders] (
    [GenderId] int NOT NULL IDENTITY,
    [GenderName] nvarchar(max) NOT NULL,
    [IsActive] bit NOT NULL,
    CONSTRAINT [PK_genders] PRIMARY KEY ([GenderId])
);
[2022-05-12 14:25:00.184 +05:30 INF] Executed DbCommand (4ms) [Parameters=[], CommandType='"Text"', CommandTimeout='30']
CREATE TABLE [languages] (
    [LanguageId] int NOT NULL IDENTITY,
    [LanguageName] nvarchar(max) NOT NULL,
    [Read] bit NOT NULL,
    [Write] bit NOT NULL,
    [Speak] bit NOT NULL,
    [CreatedOn] datetime2 NULL,
    [CreatedBy] int NULL,
    [UpdatedOn] datetime2 NULL,
    [UpdatedBy] int NULL,
    [IsActive] bit NOT NULL,
    CONSTRAINT [PK_languages] PRIMARY KEY ([LanguageId])
);
[2022-05-12 14:25:00.192 +05:30 INF] Executed DbCommand (8ms) [Parameters=[], CommandType='"Text"', CommandTimeout='30']
CREATE TABLE [organisations] (
    [OrganisationId] int NOT NULL IDENTITY,
    [OrganisationName] nvarchar(max) NOT NULL,
    [IsActive] bit NOT NULL,
    CONSTRAINT [PK_organisations] PRIMARY KEY ([OrganisationId])
);
[2022-05-12 14:25:00.197 +05:30 INF] Executed DbCommand (5ms) [Parameters=[], CommandType='"Text"', CommandTimeout='30']
CREATE TABLE [profileStatuses] (
    [ProfileStatusId] int NOT NULL IDENTITY,
    [ProfileStatusName] nvarchar(max) NOT NULL,
    [IsActive] bit NOT NULL,
    CONSTRAINT [PK_profileStatuses] PRIMARY KEY ([ProfileStatusId])
);
[2022-05-12 14:25:00.201 +05:30 INF] Executed DbCommand (3ms) [Parameters=[], CommandType='"Text"', CommandTimeout='30']
CREATE TABLE [socialMedias] (
    [SocialMedia_Id] int NOT NULL IDENTITY,
    [SocialMedia_Name] nvarchar(max) NOT NULL,
    [SocialMedia_Link] nvarchar(max) NOT NULL,
    [CreatedOn] datetime2 NULL,
    [CreatedBy] int NULL,
    [UpdatedOn] datetime2 NULL,
    [UpdatedBy] int NULL,
    [IsActive] bit NOT NULL,
    CONSTRAINT [PK_socialMedias] PRIMARY KEY ([SocialMedia_Id])
);
[2022-05-12 14:25:00.204 +05:30 INF] Executed DbCommand (3ms) [Parameters=[], CommandType='"Text"', CommandTimeout='30']
CREATE TABLE [Technologies] (
    [TechnologyId] int NOT NULL IDENTITY,
    [TechnologyName] nvarchar(max) NOT NULL,
    [IsActive] bit NOT NULL,
    CONSTRAINT [PK_Technologies] PRIMARY KEY ([TechnologyId])
);
[2022-05-12 14:25:00.209 +05:30 INF] Executed DbCommand (5ms) [Parameters=[], CommandType='"Text"', CommandTimeout='30']
CREATE TABLE [users] (
    [UserId] int NOT NULL IDENTITY,
    [Name] nvarchar(max) NOT NULL,
    [Email] nvarchar(max) NOT NULL,
    [UserName] nvarchar(max) NOT NULL,
    [Password] nvarchar(max) NOT NULL,
    [MobileNumber] nvarchar(max) NOT NULL,
    [DesignationId] int NOT NULL,
    [ReportingPerson] nvarchar(max) NOT NULL,
    [OrganisationId] int NOT NULL,
    [GenderId] int NOT NULL,
    [IsActive] bit NOT NULL,
    [CreatedBy] nvarchar(max) NULL,
    [CreatedOn] datetime2 NULL,
    [UpdatedBy] int NULL,
    [UpdatedOn] datetime2 NULL,
    CONSTRAINT [PK_users] PRIMARY KEY ([UserId]),
    CONSTRAINT [FK_users_designations_DesignationId] FOREIGN KEY ([DesignationId]) REFERENCES [designations] ([DesignationId]) ON DELETE CASCADE,
    CONSTRAINT [FK_users_genders_GenderId] FOREIGN KEY ([GenderId]) REFERENCES [genders] ([GenderId]) ON DELETE CASCADE,
    CONSTRAINT [FK_users_organisations_OrganisationId] FOREIGN KEY ([OrganisationId]) REFERENCES [organisations] ([OrganisationId]) ON DELETE CASCADE
);
[2022-05-12 14:25:00.213 +05:30 INF] Executed DbCommand (4ms) [Parameters=[], CommandType='"Text"', CommandTimeout='30']
CREATE TABLE [domains] (
    [DomainId] int NOT NULL IDENTITY,
    [DomainName] nvarchar(80) NOT NULL,
    [TechnologyId] int NOT NULL,
    [IsActive] bit NOT NULL,
    CONSTRAINT [PK_domains] PRIMARY KEY ([DomainId]),
    CONSTRAINT [FK_domains_Technologies_TechnologyId] FOREIGN KEY ([TechnologyId]) REFERENCES [Technologies] ([TechnologyId]) ON DELETE CASCADE
);
[2022-05-12 14:25:00.218 +05:30 INF] Executed DbCommand (5ms) [Parameters=[], CommandType='"Text"', CommandTimeout='30']
CREATE TABLE [personalDetails] (
    [PersonalDetailsId] int NOT NULL IDENTITY,
    [Objective] nvarchar(max) NOT NULL,
    [DateOfBirth] datetime2 NOT NULL,
    [Nationality] nvarchar(max) NOT NULL,
    [DateOfJoining] datetime2 NOT NULL,
    [CreatedOn] datetime2 NULL,
    [CreatedBy] int NULL,
    [UpdatedOn] datetime2 NULL,
    [languageid] int NOT NULL,
    [breakDurationid] int NOT NULL,
    [socialmediaid] int NOT NULL,
    [UpdatedBy] int NULL,
    [UserId] int NOT NULL,
    [IsActive] bit NOT NULL,
    CONSTRAINT [PK_personalDetails] PRIMARY KEY ([PersonalDetailsId]),
    CONSTRAINT [FK_personalDetails_breakDurations_breakDurationid] FOREIGN KEY ([breakDurationid]) REFERENCES [breakDurations] ([BreakDuration_Id]) ON DELETE CASCADE,
    CONSTRAINT [FK_personalDetails_languages_languageid] FOREIGN KEY ([languageid]) REFERENCES [languages] ([LanguageId]) ON DELETE CASCADE,
    CONSTRAINT [FK_personalDetails_socialMedias_socialmediaid] FOREIGN KEY ([socialmediaid]) REFERENCES [socialMedias] ([SocialMedia_Id]) ON DELETE CASCADE,
    CONSTRAINT [FK_personalDetails_users_UserId] FOREIGN KEY ([UserId]) REFERENCES [users] ([UserId]) ON DELETE CASCADE
);
[2022-05-12 14:25:00.225 +05:30 INF] Executed DbCommand (7ms) [Parameters=[], CommandType='"Text"', CommandTimeout='30']
CREATE TABLE [educations] (
    [EducationId] int NOT NULL IDENTITY,
    [Degree] nvarchar(max) NOT NULL,
    [Course] nvarchar(max) NOT NULL,
    [Starting] int NULL,
    [Ending] int NULL,
    [Percentage] real NOT NULL,
    [personaldetailsid] int NOT NULL,
    [collegeid] int NOT NULL,
    [CreatedOn] datetime2 NULL,
    [CreatedBy] int NULL,
    [UpdatedOn] datetime2 NULL,
    [UpdatedBy] int NULL,
    [IsActive] bit NOT NULL,
    CONSTRAINT [PK_educations] PRIMARY KEY ([EducationId]),
    CONSTRAINT [FK_educations_colleges_collegeid] FOREIGN KEY ([collegeid]) REFERENCES [colleges] ([CollegeId]) ON DELETE CASCADE,
    CONSTRAINT [FK_educations_personalDetails_personaldetailsid] FOREIGN KEY ([personaldetailsid]) REFERENCES [personalDetails] ([PersonalDetailsId]) ON DELETE CASCADE
);
[2022-05-12 14:25:00.230 +05:30 INF] Executed DbCommand (4ms) [Parameters=[], CommandType='"Text"', CommandTimeout='30']
CREATE TABLE [projects] (
    [ProjectId] int NOT NULL IDENTITY,
    [ProjectName] nvarchar(max) NOT NULL,
    [ProjectDescription] nvarchar(max) NOT NULL,
    [StartingMonth] nvarchar(max) NULL,
    [StartingYear] int NULL,
    [EndingMonth] nvarchar(max) NULL,
    [EndingYear] int NULL,
    [PersonalDetailsId] int NOT NULL,
    [Designation] nvarchar(max) NOT NULL,
    [ToolsUsed] nvarchar(max) NOT NULL,
    [CreatedOn] datetime2 NULL,
    [CreatedBy] int NULL,
    [UpdatedOn] datetime2 NULL,
    [UpdatedBy] int NULL,
    [IsActive] bit NOT NULL,
    CONSTRAINT [PK_projects] PRIMARY KEY ([ProjectId]),
    CONSTRAINT [FK_projects_personalDetails_PersonalDetailsId] FOREIGN KEY ([PersonalDetailsId]) REFERENCES [personalDetails] ([PersonalDetailsId]) ON DELETE CASCADE
);
[2022-05-12 14:25:00.234 +05:30 INF] Executed DbCommand (4ms) [Parameters=[], CommandType='"Text"', CommandTimeout='30']
CREATE TABLE [skills] (
    [SkillId] int NOT NULL IDENTITY,
    [DomainId] int NOT NULL,
    [PersonalDetailsId] int NOT NULL,
    [CreatedOn] datetime2 NULL,
    [CreatedBy] int NULL,
    [UpdatedOn] datetime2 NULL,
    [UpdatedBy] int NULL,
    [IsActive] bit NOT NULL,
    CONSTRAINT [PK_skills] PRIMARY KEY ([SkillId]),
    CONSTRAINT [FK_skills_domains_DomainId] FOREIGN KEY ([DomainId]) REFERENCES [domains] ([DomainId]) ON DELETE CASCADE,
    CONSTRAINT [FK_skills_personalDetails_PersonalDetailsId] FOREIGN KEY ([PersonalDetailsId]) REFERENCES [personalDetails] ([PersonalDetailsId]) ON DELETE CASCADE
);
[2022-05-12 14:25:00.237 +05:30 INF] Executed DbCommand (3ms) [Parameters=[], CommandType='"Text"', CommandTimeout='30']
CREATE INDEX [IX_domains_TechnologyId] ON [domains] ([TechnologyId]);
[2022-05-12 14:25:00.238 +05:30 INF] Executed DbCommand (1ms) [Parameters=[], CommandType='"Text"', CommandTimeout='30']
CREATE INDEX [IX_educations_collegeid] ON [educations] ([collegeid]);
[2022-05-12 14:25:00.240 +05:30 INF] Executed DbCommand (2ms) [Parameters=[], CommandType='"Text"', CommandTimeout='30']
CREATE INDEX [IX_educations_personaldetailsid] ON [educations] ([personaldetailsid]);
[2022-05-12 14:25:00.242 +05:30 INF] Executed DbCommand (2ms) [Parameters=[], CommandType='"Text"', CommandTimeout='30']
CREATE INDEX [IX_personalDetails_breakDurationid] ON [personalDetails] ([breakDurationid]);
[2022-05-12 14:25:00.243 +05:30 INF] Executed DbCommand (1ms) [Parameters=[], CommandType='"Text"', CommandTimeout='30']
CREATE INDEX [IX_personalDetails_languageid] ON [personalDetails] ([languageid]);
[2022-05-12 14:25:00.245 +05:30 INF] Executed DbCommand (2ms) [Parameters=[], CommandType='"Text"', CommandTimeout='30']
CREATE INDEX [IX_personalDetails_socialmediaid] ON [personalDetails] ([socialmediaid]);
[2022-05-12 14:25:00.247 +05:30 INF] Executed DbCommand (2ms) [Parameters=[], CommandType='"Text"', CommandTimeout='30']
CREATE UNIQUE INDEX [IX_personalDetails_UserId] ON [personalDetails] ([UserId]);
[2022-05-12 14:25:00.251 +05:30 INF] Executed DbCommand (4ms) [Parameters=[], CommandType='"Text"', CommandTimeout='30']
CREATE INDEX [IX_projects_PersonalDetailsId] ON [projects] ([PersonalDetailsId]);
[2022-05-12 14:25:00.255 +05:30 INF] Executed DbCommand (4ms) [Parameters=[], CommandType='"Text"', CommandTimeout='30']
CREATE INDEX [IX_skills_DomainId] ON [skills] ([DomainId]);
[2022-05-12 14:25:00.258 +05:30 INF] Executed DbCommand (3ms) [Parameters=[], CommandType='"Text"', CommandTimeout='30']
CREATE INDEX [IX_skills_PersonalDetailsId] ON [skills] ([PersonalDetailsId]);
[2022-05-12 14:25:00.260 +05:30 INF] Executed DbCommand (2ms) [Parameters=[], CommandType='"Text"', CommandTimeout='30']
CREATE INDEX [IX_users_DesignationId] ON [users] ([DesignationId]);
[2022-05-12 14:25:00.264 +05:30 INF] Executed DbCommand (4ms) [Parameters=[], CommandType='"Text"', CommandTimeout='30']
CREATE INDEX [IX_users_GenderId] ON [users] ([GenderId]);
[2022-05-12 14:25:00.266 +05:30 INF] Executed DbCommand (1ms) [Parameters=[], CommandType='"Text"', CommandTimeout='30']
CREATE INDEX [IX_users_OrganisationId] ON [users] ([OrganisationId]);
[2022-05-12 14:25:00.268 +05:30 INF] Executed DbCommand (2ms) [Parameters=[], CommandType='"Text"', CommandTimeout='30']
INSERT INTO [__EFMigrationsHistory] ([MigrationId], [ProductVersion])
VALUES (N'20220512085447_ForeignKeyAddedInModel', N'6.0.4');
[2022-05-12 14:26:10.011 +05:30 INF] Now listening on: https://localhost:7241
[2022-05-12 14:26:10.047 +05:30 INF] Now listening on: http://localhost:5111
[2022-05-12 14:26:10.054 +05:30 INF] Application started. Press Ctrl+C to shut down.
[2022-05-12 14:26:10.054 +05:30 INF] Hosting environment: Development
[2022-05-12 14:26:10.055 +05:30 INF] Content root path: D:\Profile65\
[2022-05-12 14:26:20.083 +05:30 INF] Request starting HTTP/1.1 GET http://localhost:5111/ - -
[2022-05-12 14:26:20.584 +05:30 INF] Request finished HTTP/1.1 GET http://localhost:5111/ - - - 307 0 - 507.3564ms
[2022-05-12 14:26:20.865 +05:30 INF] Request starting HTTP/2 GET https://localhost:7241/ - -
[2022-05-12 14:26:20.869 +05:30 INF] Request finished HTTP/2 GET https://localhost:7241/ - - - 404 0 - 3.7981ms
[2022-05-12 14:26:22.054 +05:30 INF] Request starting HTTP/2 GET https://localhost:7241/favicon.ico - -
[2022-05-12 14:26:22.055 +05:30 INF] Request finished HTTP/2 GET https://localhost:7241/favicon.ico - - - 0 - - 0.7626ms
[2022-05-12 14:32:20.487 +05:30 INF] Request starting HTTP/2 GET https://localhost:7241/swagger/index.html - -
[2022-05-12 14:32:20.536 +05:30 INF] Request finished HTTP/2 GET https://localhost:7241/swagger/index.html - - - 200 - text/html;charset=utf-8 49.2482ms
[2022-05-12 14:32:20.667 +05:30 INF] Request starting HTTP/2 GET https://localhost:7241/swagger/favicon-16x16.png - -
[2022-05-12 14:32:20.676 +05:30 INF] Sending file. Request path: '/favicon-16x16.png'. Physical path: 'N/A'
[2022-05-12 14:32:20.676 +05:30 INF] Request finished HTTP/2 GET https://localhost:7241/swagger/favicon-16x16.png - - - 200 665 image/png 8.7369ms
[2022-05-12 14:32:20.696 +05:30 INF] Request starting HTTP/2 GET https://localhost:7241/swagger/v1/swagger.json - -
[2022-05-12 14:32:20.796 +05:30 INF] Request finished HTTP/2 GET https://localhost:7241/swagger/v1/swagger.json - - - 200 - application/json;charset=utf-8 100.0501ms
[2022-05-12 14:34:22.529 +05:30 INF] Request starting HTTP/2 PUT https://localhost:7241/PersonalService/UpdateBreakDuration application/json 480
[2022-05-12 14:34:22.533 +05:30 INF] Executing endpoint 'Profile65.PersonalServiceController.UpdateBreakDuration (Profile65)'
[2022-05-12 14:34:22.555 +05:30 INF] Route matched with {action = "UpdateBreakDuration", controller = "PersonalService"}. Executing controller action with signature Microsoft.AspNetCore.Mvc.IActionResult UpdateBreakDuration(Profile65.BreakDuration) on controller Profile65.PersonalServiceController (Profile65).
[2022-05-12 14:34:22.593 +05:30 INF] Executing BadRequestObjectResult, writing value of type 'System.String'.
[2022-05-12 14:34:22.599 +05:30 INF] Executed action Profile65.PersonalServiceController.UpdateBreakDuration (Profile65) in 38.6176ms
[2022-05-12 14:34:22.599 +05:30 INF] Executed endpoint 'Profile65.PersonalServiceController.UpdateBreakDuration (Profile65)'
[2022-05-12 14:34:22.599 +05:30 INF] Request finished HTTP/2 PUT https://localhost:7241/PersonalService/UpdateBreakDuration application/json 480 - 400 - text/plain;+charset=utf-8 70.6580ms
[2022-05-12 14:36:03.192 +05:30 INF] Request starting HTTP/2 PUT https://localhost:7241/PersonalService/UpdateBreakDuration application/json 482
[2022-05-12 14:36:03.194 +05:30 INF] Executing endpoint 'Profile65.PersonalServiceController.UpdateBreakDuration (Profile65)'
[2022-05-12 14:36:03.194 +05:30 INF] Route matched with {action = "UpdateBreakDuration", controller = "PersonalService"}. Executing controller action with signature Microsoft.AspNetCore.Mvc.IActionResult UpdateBreakDuration(Profile65.BreakDuration) on controller Profile65.PersonalServiceController (Profile65).
[2022-05-12 14:36:03.195 +05:30 INF] Executing BadRequestObjectResult, writing value of type 'System.String'.
[2022-05-12 14:36:03.195 +05:30 INF] Executed action Profile65.PersonalServiceController.UpdateBreakDuration (Profile65) in 1.3135ms
[2022-05-12 14:36:03.196 +05:30 INF] Executed endpoint 'Profile65.PersonalServiceController.UpdateBreakDuration (Profile65)'
[2022-05-12 14:36:03.196 +05:30 INF] Request finished HTTP/2 PUT https://localhost:7241/PersonalService/UpdateBreakDuration application/json 482 - 400 - text/plain;+charset=utf-8 4.1532ms
[2022-05-12 14:37:24.947 +05:30 INF] Request starting HTTP/2 GET https://localhost:7241/swagger/index.html - -
[2022-05-12 14:37:24.948 +05:30 INF] Request finished HTTP/2 GET https://localhost:7241/swagger/index.html - - - 200 - text/html;charset=utf-8 0.5729ms
[2022-05-12 14:37:24.964 +05:30 INF] Request starting HTTP/2 GET https://localhost:7241/swagger/swagger-ui-bundle.js - -
[2022-05-12 14:37:24.965 +05:30 INF] Request starting HTTP/2 GET https://localhost:7241/swagger/swagger-ui-standalone-preset.js - -
[2022-05-12 14:37:24.966 +05:30 INF] The file /swagger-ui-bundle.js was not modified
[2022-05-12 14:37:24.966 +05:30 INF] The file /swagger-ui-standalone-preset.js was not modified
[2022-05-12 14:37:24.966 +05:30 INF] Request finished HTTP/2 GET https://localhost:7241/swagger/swagger-ui-bundle.js - - - 304 - application/javascript 2.0697ms
[2022-05-12 14:37:24.966 +05:30 INF] Request finished HTTP/2 GET https://localhost:7241/swagger/swagger-ui-standalone-preset.js - - - 304 - application/javascript 1.1083ms
[2022-05-12 14:37:25.127 +05:30 INF] Request starting HTTP/2 GET https://localhost:7241/swagger/v1/swagger.json - -
[2022-05-12 14:37:25.134 +05:30 INF] Request finished HTTP/2 GET https://localhost:7241/swagger/v1/swagger.json - - - 200 - application/json;charset=utf-8 7.1137ms
[2022-05-12 14:39:30.359 +05:30 INF] Request starting HTTP/2 PUT https://localhost:7241/PersonalService/UpdateBreakDuration application/json 482
[2022-05-12 14:39:30.359 +05:30 INF] Executing endpoint 'Profile65.PersonalServiceController.UpdateBreakDuration (Profile65)'
[2022-05-12 14:39:30.359 +05:30 INF] Route matched with {action = "UpdateBreakDuration", controller = "PersonalService"}. Executing controller action with signature Microsoft.AspNetCore.Mvc.IActionResult UpdateBreakDuration(Profile65.BreakDuration) on controller Profile65.PersonalServiceController (Profile65).
[2022-05-12 14:39:30.360 +05:30 INF] Executing BadRequestObjectResult, writing value of type 'System.String'.
[2022-05-12 14:39:30.361 +05:30 INF] Executed action Profile65.PersonalServiceController.UpdateBreakDuration (Profile65) in 1.3334ms
[2022-05-12 14:39:30.361 +05:30 INF] Executed endpoint 'Profile65.PersonalServiceController.UpdateBreakDuration (Profile65)'
[2022-05-12 14:39:30.361 +05:30 INF] Request finished HTTP/2 PUT https://localhost:7241/PersonalService/UpdateBreakDuration application/json 482 - 400 - text/plain;+charset=utf-8 1.9273ms
[2022-05-12 14:40:27.401 +05:30 INF] Request starting HTTP/2 GET https://localhost:7241/swagger/index.html - -
[2022-05-12 14:40:27.402 +05:30 INF] Request finished HTTP/2 GET https://localhost:7241/swagger/index.html - - - 200 - text/html;charset=utf-8 0.4817ms
[2022-05-12 14:40:27.417 +05:30 INF] Request starting HTTP/2 GET https://localhost:7241/swagger/swagger-ui-bundle.js - -
[2022-05-12 14:40:27.417 +05:30 INF] Request starting HTTP/2 GET https://localhost:7241/swagger/swagger-ui-standalone-preset.js - -
[2022-05-12 14:40:27.418 +05:30 INF] The file /swagger-ui-standalone-preset.js was not modified
[2022-05-12 14:40:27.418 +05:30 INF] Request finished HTTP/2 GET https://localhost:7241/swagger/swagger-ui-standalone-preset.js - - - 304 - application/javascript 0.3269ms
[2022-05-12 14:40:27.418 +05:30 INF] The file /swagger-ui-bundle.js was not modified
[2022-05-12 14:40:27.418 +05:30 INF] Request finished HTTP/2 GET https://localhost:7241/swagger/swagger-ui-bundle.js - - - 304 - application/javascript 0.7834ms
[2022-05-12 14:40:27.585 +05:30 INF] Request starting HTTP/2 GET https://localhost:7241/swagger/v1/swagger.json - -
[2022-05-12 14:40:27.596 +05:30 INF] Request finished HTTP/2 GET https://localhost:7241/swagger/v1/swagger.json - - - 200 - application/json;charset=utf-8 10.7211ms
[2022-05-12 14:40:28.301 +05:30 INF] Request starting HTTP/2 GET https://localhost:7241/swagger/index.html - -
[2022-05-12 14:40:28.301 +05:30 INF] Request finished HTTP/2 GET https://localhost:7241/swagger/index.html - - - 200 - text/html;charset=utf-8 0.6302ms
[2022-05-12 14:40:28.316 +05:30 INF] Request starting HTTP/2 GET https://localhost:7241/swagger/swagger-ui-standalone-preset.js - -
[2022-05-12 14:40:28.316 +05:30 INF] Request starting HTTP/2 GET https://localhost:7241/swagger/swagger-ui-bundle.js - -
[2022-05-12 14:40:28.317 +05:30 INF] The file /swagger-ui-bundle.js was not modified
[2022-05-12 14:40:28.317 +05:30 INF] The file /swagger-ui-standalone-preset.js was not modified
[2022-05-12 14:40:28.317 +05:30 INF] Request finished HTTP/2 GET https://localhost:7241/swagger/swagger-ui-bundle.js - - - 304 - application/javascript 0.3925ms
[2022-05-12 14:40:28.317 +05:30 INF] Request finished HTTP/2 GET https://localhost:7241/swagger/swagger-ui-standalone-preset.js - - - 304 - application/javascript 0.4090ms
[2022-05-12 14:40:28.480 +05:30 INF] Request starting HTTP/2 GET https://localhost:7241/swagger/v1/swagger.json - -
[2022-05-12 14:40:28.485 +05:30 INF] Request finished HTTP/2 GET https://localhost:7241/swagger/v1/swagger.json - - - 200 - application/json;charset=utf-8 5.3945ms
[2022-05-12 14:40:30.853 +05:30 INF] Request starting HTTP/2 GET https://localhost:7241/swagger/index.html - -
[2022-05-12 14:40:30.853 +05:30 INF] Request finished HTTP/2 GET https://localhost:7241/swagger/index.html - - - 200 - text/html;charset=utf-8 0.4297ms
[2022-05-12 14:40:30.869 +05:30 INF] Request starting HTTP/2 GET https://localhost:7241/swagger/swagger-ui-bundle.js - -
[2022-05-12 14:40:30.870 +05:30 INF] The file /swagger-ui-bundle.js was not modified
[2022-05-12 14:40:30.870 +05:30 INF] Request finished HTTP/2 GET https://localhost:7241/swagger/swagger-ui-bundle.js - - - 304 - application/javascript 0.7080ms
[2022-05-12 14:40:30.870 +05:30 INF] Request starting HTTP/2 GET https://localhost:7241/swagger/swagger-ui-standalone-preset.js - -
[2022-05-12 14:40:30.870 +05:30 INF] The file /swagger-ui-standalone-preset.js was not modified
[2022-05-12 14:40:30.870 +05:30 INF] Request finished HTTP/2 GET https://localhost:7241/swagger/swagger-ui-standalone-preset.js - - - 304 - application/javascript 0.4129ms
[2022-05-12 14:40:30.989 +05:30 INF] Request starting HTTP/2 GET https://localhost:7241/swagger/v1/swagger.json - -
[2022-05-12 14:40:30.999 +05:30 INF] Request finished HTTP/2 GET https://localhost:7241/swagger/v1/swagger.json - - - 200 - application/json;charset=utf-8 9.9510ms
[2022-05-12 14:40:31.214 +05:30 INF] Request starting HTTP/2 GET https://localhost:7241/swagger/index.html - -
[2022-05-12 14:40:31.214 +05:30 INF] Request finished HTTP/2 GET https://localhost:7241/swagger/index.html - - - 200 - text/html;charset=utf-8 0.4398ms
[2022-05-12 14:40:31.226 +05:30 INF] Request starting HTTP/2 GET https://localhost:7241/swagger/swagger-ui-bundle.js - -
[2022-05-12 14:40:31.226 +05:30 INF] Request starting HTTP/2 GET https://localhost:7241/swagger/swagger-ui-standalone-preset.js - -
[2022-05-12 14:40:31.226 +05:30 INF] The file /swagger-ui-bundle.js was not modified
[2022-05-12 14:40:31.226 +05:30 INF] The file /swagger-ui-standalone-preset.js was not modified
[2022-05-12 14:40:31.226 +05:30 INF] Request finished HTTP/2 GET https://localhost:7241/swagger/swagger-ui-bundle.js - - - 304 - application/javascript 0.5291ms
[2022-05-12 14:40:31.226 +05:30 INF] Request finished HTTP/2 GET https://localhost:7241/swagger/swagger-ui-standalone-preset.js - - - 304 - application/javascript 0.2305ms
[2022-05-12 14:40:31.352 +05:30 INF] Request starting HTTP/2 GET https://localhost:7241/swagger/v1/swagger.json - -
[2022-05-12 14:40:31.365 +05:30 INF] Request finished HTTP/2 GET https://localhost:7241/swagger/v1/swagger.json - - - 200 - application/json;charset=utf-8 13.1301ms
[2022-05-12 14:42:24.222 +05:30 INF] Request starting HTTP/2 PUT https://localhost:7241/PersonalService/UpdateBreakDuration application/json 482
[2022-05-12 14:42:24.222 +05:30 INF] Executing endpoint 'Profile65.PersonalServiceController.UpdateBreakDuration (Profile65)'
[2022-05-12 14:42:24.222 +05:30 INF] Route matched with {action = "UpdateBreakDuration", controller = "PersonalService"}. Executing controller action with signature Microsoft.AspNetCore.Mvc.IActionResult UpdateBreakDuration(Profile65.BreakDuration) on controller Profile65.PersonalServiceController (Profile65).
[2022-05-12 14:42:24.223 +05:30 INF] Executing BadRequestObjectResult, writing value of type 'System.String'.
[2022-05-12 14:42:24.223 +05:30 INF] Executed action Profile65.PersonalServiceController.UpdateBreakDuration (Profile65) in 0.7436ms
[2022-05-12 14:42:24.223 +05:30 INF] Executed endpoint 'Profile65.PersonalServiceController.UpdateBreakDuration (Profile65)'
[2022-05-12 14:42:24.223 +05:30 INF] Request finished HTTP/2 PUT https://localhost:7241/PersonalService/UpdateBreakDuration application/json 482 - 400 - text/plain;+charset=utf-8 1.3058ms
[2022-05-12 14:44:25.999 +05:30 INF] Request starting HTTP/2 PUT https://localhost:7241/PersonalService/UpdateBreakDuration application/json 482
[2022-05-12 14:44:25.999 +05:30 INF] Executing endpoint 'Profile65.PersonalServiceController.UpdateBreakDuration (Profile65)'
[2022-05-12 14:44:25.999 +05:30 INF] Route matched with {action = "UpdateBreakDuration", controller = "PersonalService"}. Executing controller action with signature Microsoft.AspNetCore.Mvc.IActionResult UpdateBreakDuration(Profile65.BreakDuration) on controller Profile65.PersonalServiceController (Profile65).
[2022-05-12 14:44:26.000 +05:30 INF] Executing BadRequestObjectResult, writing value of type 'System.String'.
[2022-05-12 14:44:26.000 +05:30 INF] Executed action Profile65.PersonalServiceController.UpdateBreakDuration (Profile65) in 0.7597ms
[2022-05-12 14:44:26.000 +05:30 INF] Executed endpoint 'Profile65.PersonalServiceController.UpdateBreakDuration (Profile65)'
[2022-05-12 14:44:26.000 +05:30 INF] Request finished HTTP/2 PUT https://localhost:7241/PersonalService/UpdateBreakDuration application/json 482 - 400 - text/plain;+charset=utf-8 1.2582ms
[2022-05-12 14:53:50.137 +05:30 INF] Now listening on: https://localhost:7241
[2022-05-12 14:53:50.173 +05:30 INF] Now listening on: http://localhost:5111
[2022-05-12 14:53:50.180 +05:30 INF] Application started. Press Ctrl+C to shut down.
[2022-05-12 14:53:50.182 +05:30 INF] Hosting environment: Development
[2022-05-12 14:53:50.184 +05:30 INF] Content root path: D:\Profile65\
[2022-05-12 14:53:50.587 +05:30 INF] Request starting HTTP/2 GET https://localhost:7241/ - -
[2022-05-12 14:53:50.664 +05:30 INF] Request finished HTTP/2 GET https://localhost:7241/ - - - 404 0 - 79.2287ms
[2022-05-12 14:53:54.818 +05:30 INF] Request starting HTTP/2 GET https://localhost:7241/swagger/index.html - -
[2022-05-12 14:53:54.873 +05:30 INF] Request finished HTTP/2 GET https://localhost:7241/swagger/index.html - - - 200 - text/html;charset=utf-8 54.8173ms
[2022-05-12 14:53:54.894 +05:30 INF] Request starting HTTP/2 GET https://localhost:7241/swagger/swagger-ui-bundle.js - -
[2022-05-12 14:53:54.895 +05:30 INF] Request starting HTTP/2 GET https://localhost:7241/swagger/swagger-ui-standalone-preset.js - -
[2022-05-12 14:53:54.905 +05:30 INF] The file /swagger-ui-bundle.js was not modified
[2022-05-12 14:53:54.905 +05:30 INF] The file /swagger-ui-standalone-preset.js was not modified
[2022-05-12 14:53:54.905 +05:30 INF] Request finished HTTP/2 GET https://localhost:7241/swagger/swagger-ui-bundle.js - - - 304 - application/javascript 10.9298ms
[2022-05-12 14:53:54.905 +05:30 INF] Request finished HTTP/2 GET https://localhost:7241/swagger/swagger-ui-standalone-preset.js - - - 304 - application/javascript 10.2297ms
[2022-05-12 14:53:55.074 +05:30 INF] Request starting HTTP/2 GET https://localhost:7241/swagger/v1/swagger.json - -
[2022-05-12 14:53:55.171 +05:30 INF] Request finished HTTP/2 GET https://localhost:7241/swagger/v1/swagger.json - - - 200 - application/json;charset=utf-8 97.3693ms
[2022-05-12 14:53:56.546 +05:30 INF] Request starting HTTP/2 GET https://localhost:7241/swagger/index.html - -
[2022-05-12 14:53:56.546 +05:30 INF] Request finished HTTP/2 GET https://localhost:7241/swagger/index.html - - - 200 - text/html;charset=utf-8 0.6544ms
[2022-05-12 14:53:56.563 +05:30 INF] Request starting HTTP/2 GET https://localhost:7241/swagger/swagger-ui-bundle.js - -
[2022-05-12 14:53:56.563 +05:30 INF] Request starting HTTP/2 GET https://localhost:7241/swagger/swagger-ui-standalone-preset.js - -
[2022-05-12 14:53:56.564 +05:30 INF] The file /swagger-ui-standalone-preset.js was not modified
[2022-05-12 14:53:56.564 +05:30 INF] The file /swagger-ui-bundle.js was not modified
[2022-05-12 14:53:56.564 +05:30 INF] Request finished HTTP/2 GET https://localhost:7241/swagger/swagger-ui-standalone-preset.js - - - 304 - application/javascript 0.5194ms
[2022-05-12 14:53:56.564 +05:30 INF] Request finished HTTP/2 GET https://localhost:7241/swagger/swagger-ui-bundle.js - - - 304 - application/javascript 0.6097ms
[2022-05-12 14:53:56.730 +05:30 INF] Request starting HTTP/2 GET https://localhost:7241/swagger/v1/swagger.json - -
[2022-05-12 14:53:56.740 +05:30 INF] Request finished HTTP/2 GET https://localhost:7241/swagger/v1/swagger.json - - - 200 - application/json;charset=utf-8 10.3005ms
[2022-05-12 14:55:35.441 +05:30 INF] Request starting HTTP/2 PUT https://localhost:7241/PersonalService/UpdateBreakDuration application/json 483
[2022-05-12 14:55:35.448 +05:30 INF] Executing endpoint 'Profile65.PersonalServiceController.UpdateBreakDuration (Profile65)'
[2022-05-12 14:55:35.471 +05:30 INF] Route matched with {action = "UpdateBreakDuration", controller = "PersonalService"}. Executing controller action with signature Microsoft.AspNetCore.Mvc.IActionResult UpdateBreakDuration(Profile65.BreakDuration) on controller Profile65.PersonalServiceController (Profile65).
[2022-05-12 14:56:49.465 +05:30 ERR] ProfileData.cs-UpdatePersonalDetail)-The instance of entity type 'BreakDuration' cannot be tracked because another instance with the same key value for {'BreakDuration_Id'} is already being tracked. When attaching existing entities, ensure that only one entity instance with a given key value is attached. Consider using 'DbContextOptionsBuilder.EnableSensitiveDataLogging' to see the conflicting key values.
[2022-05-12 14:56:52.052 +05:30 INF] ProfileData.cs-UpdatePersonalDetail()-   at Microsoft.EntityFrameworkCore.ChangeTracking.Internal.IdentityMap`1.ThrowIdentityConflict(InternalEntityEntry entry)
   at Microsoft.EntityFrameworkCore.ChangeTracking.Internal.IdentityMap`1.Add(TKey key, InternalEntityEntry entry, Boolean updateDuplicate)
   at Microsoft.EntityFrameworkCore.ChangeTracking.Internal.IdentityMap`1.Add(TKey key, InternalEntityEntry entry)
   at Microsoft.EntityFrameworkCore.ChangeTracking.Internal.IdentityMap`1.Add(InternalEntityEntry entry)
   at Microsoft.EntityFrameworkCore.ChangeTracking.Internal.StateManager.StartTracking(InternalEntityEntry entry)
   at Microsoft.EntityFrameworkCore.ChangeTracking.Internal.InternalEntityEntry.SetEntityState(EntityState oldState, EntityState newState, Boolean acceptChanges, Boolean modifyProperties)
   at Microsoft.EntityFrameworkCore.ChangeTracking.Internal.InternalEntityEntry.SetEntityState(EntityState entityState, Boolean acceptChanges, Boolean modifyProperties, Nullable`1 forceStateWhenUnknownKey)
   at Microsoft.EntityFrameworkCore.ChangeTracking.Internal.EntityGraphAttacher.PaintAction(EntityEntryGraphNode`1 node)
   at Microsoft.EntityFrameworkCore.ChangeTracking.Internal.EntityEntryGraphIterator.TraverseGraph[TState](EntityEntryGraphNode`1 node, Func`2 handleNode)
   at Microsoft.EntityFrameworkCore.ChangeTracking.Internal.EntityGraphAttacher.AttachGraph(InternalEntityEntry rootEntry, EntityState targetState, EntityState storeGeneratedWithKeySetTargetState, Boolean forceStateWhenUnknownKey)
   at Microsoft.EntityFrameworkCore.DbContext.SetEntityState(InternalEntityEntry entry, EntityState entityState)
   at Microsoft.EntityFrameworkCore.DbContext.SetEntityState[TEntity](TEntity entity, EntityState entityState)
   at Microsoft.EntityFrameworkCore.DbContext.Update[TEntity](TEntity entity)
   at Profile65.ProfileData.UpdateBreakDuration(BreakDuration duration) in D:\Profile65\DAL\ProfileData.cs:line 421
[2022-05-12 14:57:07.197 +05:30 INF] Executing BadRequestObjectResult, writing value of type 'System.String'.
[2022-05-12 14:57:07.204 +05:30 INF] Executed action Profile65.PersonalServiceController.UpdateBreakDuration (Profile65) in 91725.9859ms
[2022-05-12 14:57:07.208 +05:30 INF] Executed endpoint 'Profile65.PersonalServiceController.UpdateBreakDuration (Profile65)'
[2022-05-12 14:57:07.208 +05:30 INF] Request finished HTTP/2 PUT https://localhost:7241/PersonalService/UpdateBreakDuration application/json 483 - 400 - text/plain;+charset=utf-8 91766.6310ms
[2022-05-12 14:59:57.355 +05:30 INF] Request starting HTTP/2 GET https://localhost:7241/swagger/index.html - -
[2022-05-12 14:59:57.356 +05:30 INF] Request finished HTTP/2 GET https://localhost:7241/swagger/index.html - - - 200 - text/html;charset=utf-8 0.4822ms
[2022-05-12 14:59:57.380 +05:30 INF] Request starting HTTP/2 GET https://localhost:7241/swagger/swagger-ui-bundle.js - -
[2022-05-12 14:59:57.380 +05:30 INF] Request starting HTTP/2 GET https://localhost:7241/swagger/swagger-ui-standalone-preset.js - -
[2022-05-12 14:59:57.380 +05:30 INF] The file /swagger-ui-bundle.js was not modified
[2022-05-12 14:59:57.380 +05:30 INF] The file /swagger-ui-standalone-preset.js was not modified
[2022-05-12 14:59:57.380 +05:30 INF] Request finished HTTP/2 GET https://localhost:7241/swagger/swagger-ui-bundle.js - - - 304 - application/javascript 0.6858ms
[2022-05-12 14:59:57.380 +05:30 INF] Request finished HTTP/2 GET https://localhost:7241/swagger/swagger-ui-standalone-preset.js - - - 304 - application/javascript 0.3339ms
[2022-05-12 14:59:57.503 +05:30 INF] Request starting HTTP/2 GET https://localhost:7241/swagger/v1/swagger.json - -
[2022-05-12 14:59:57.510 +05:30 INF] Request finished HTTP/2 GET https://localhost:7241/swagger/v1/swagger.json - - - 200 - application/json;charset=utf-8 9.1569ms
[2022-05-12 15:48:39.638 +05:30 INF] Now listening on: https://localhost:7241
[2022-05-12 15:48:39.669 +05:30 INF] Now listening on: http://localhost:5111
[2022-05-12 15:48:39.676 +05:30 INF] Application started. Press Ctrl+C to shut down.
[2022-05-12 15:48:39.677 +05:30 INF] Hosting environment: Development
[2022-05-12 15:48:39.679 +05:30 INF] Content root path: D:\Profile65\
[2022-05-12 15:48:40.055 +05:30 INF] Request starting HTTP/2 GET https://localhost:7241/ - -
[2022-05-12 15:48:40.132 +05:30 INF] Request finished HTTP/2 GET https://localhost:7241/ - - - 404 0 - 80.1921ms
[2022-05-12 15:48:43.474 +05:30 INF] Request starting HTTP/2 GET https://localhost:7241/swagger/index.html - -
[2022-05-12 15:48:43.530 +05:30 INF] Request finished HTTP/2 GET https://localhost:7241/swagger/index.html - - - 200 - text/html;charset=utf-8 55.7962ms
[2022-05-12 15:48:43.558 +05:30 INF] Request starting HTTP/2 GET https://localhost:7241/swagger/swagger-ui-bundle.js - -
[2022-05-12 15:48:43.558 +05:30 INF] Request starting HTTP/2 GET https://localhost:7241/swagger/swagger-ui-standalone-preset.js - -
[2022-05-12 15:48:43.567 +05:30 INF] The file /swagger-ui-standalone-preset.js was not modified
[2022-05-12 15:48:43.567 +05:30 INF] The file /swagger-ui-bundle.js was not modified
[2022-05-12 15:48:43.567 +05:30 INF] Request finished HTTP/2 GET https://localhost:7241/swagger/swagger-ui-bundle.js - - - 304 - application/javascript 10.0506ms
[2022-05-12 15:48:43.567 +05:30 INF] Request finished HTTP/2 GET https://localhost:7241/swagger/swagger-ui-standalone-preset.js - - - 304 - application/javascript 9.2150ms
[2022-05-12 15:48:43.767 +05:30 INF] Request starting HTTP/2 GET https://localhost:7241/swagger/index.html - -
[2022-05-12 15:48:43.767 +05:30 INF] Request finished HTTP/2 GET https://localhost:7241/swagger/index.html - - - 200 - text/html;charset=utf-8 0.6077ms
[2022-05-12 15:48:43.783 +05:30 INF] Request starting HTTP/2 GET https://localhost:7241/swagger/swagger-ui-bundle.js - -
[2022-05-12 15:48:43.783 +05:30 INF] Request starting HTTP/2 GET https://localhost:7241/swagger/swagger-ui-standalone-preset.js - -
[2022-05-12 15:48:43.784 +05:30 INF] The file /swagger-ui-standalone-preset.js was not modified
[2022-05-12 15:48:43.784 +05:30 INF] The file /swagger-ui-bundle.js was not modified
[2022-05-12 15:48:43.784 +05:30 INF] Request finished HTTP/2 GET https://localhost:7241/swagger/swagger-ui-standalone-preset.js - - - 304 - application/javascript 0.4468ms
[2022-05-12 15:48:43.784 +05:30 INF] Request finished HTTP/2 GET https://localhost:7241/swagger/swagger-ui-bundle.js - - - 304 - application/javascript 1.0761ms
[2022-05-12 15:48:43.906 +05:30 INF] Request starting HTTP/2 GET https://localhost:7241/swagger/v1/swagger.json - -
[2022-05-12 15:48:44.011 +05:30 INF] Request finished HTTP/2 GET https://localhost:7241/swagger/v1/swagger.json - - - 200 - application/json;charset=utf-8 104.7824ms
[2022-05-12 15:48:44.026 +05:30 INF] Request starting HTTP/2 GET https://localhost:7241/swagger/index.html - -
[2022-05-12 15:48:44.027 +05:30 INF] Request finished HTTP/2 GET https://localhost:7241/swagger/index.html - - - 200 - text/html;charset=utf-8 0.6332ms
[2022-05-12 15:48:44.045 +05:30 INF] Request starting HTTP/2 GET https://localhost:7241/swagger/swagger-ui-bundle.js - -
[2022-05-12 15:48:44.045 +05:30 INF] Request starting HTTP/2 GET https://localhost:7241/swagger/swagger-ui-standalone-preset.js - -
[2022-05-12 15:48:44.046 +05:30 INF] The file /swagger-ui-bundle.js was not modified
[2022-05-12 15:48:44.046 +05:30 INF] The file /swagger-ui-standalone-preset.js was not modified
[2022-05-12 15:48:44.046 +05:30 INF] Request finished HTTP/2 GET https://localhost:7241/swagger/swagger-ui-standalone-preset.js - - - 304 - application/javascript 0.7171ms
[2022-05-12 15:48:44.046 +05:30 INF] Request finished HTTP/2 GET https://localhost:7241/swagger/swagger-ui-bundle.js - - - 304 - application/javascript 0.7389ms
[2022-05-12 15:48:44.197 +05:30 INF] Request starting HTTP/2 GET https://localhost:7241/swagger/v1/swagger.json - -
[2022-05-12 15:48:44.211 +05:30 INF] Request finished HTTP/2 GET https://localhost:7241/swagger/v1/swagger.json - - - 200 - application/json;charset=utf-8 13.0366ms
[2022-05-12 15:48:50.677 +05:30 INF] Request starting HTTP/2 GET https://localhost:7241/swagger/index.html - -
[2022-05-12 15:48:50.677 +05:30 INF] Request finished HTTP/2 GET https://localhost:7241/swagger/index.html - - - 200 - text/html;charset=utf-8 0.4843ms
[2022-05-12 15:48:50.873 +05:30 INF] Request starting HTTP/2 GET https://localhost:7241/swagger/v1/swagger.json - -
[2022-05-12 15:48:50.882 +05:30 INF] Request finished HTTP/2 GET https://localhost:7241/swagger/v1/swagger.json - - - 200 - application/json;charset=utf-8 9.4135ms
[2022-05-12 15:50:51.580 +05:30 INF] Request starting HTTP/2 PUT https://localhost:7241/PersonalService/UpdateBreakDuration application/json 477
[2022-05-12 15:50:51.585 +05:30 INF] Executing endpoint 'Profile65.PersonalServiceController.UpdateBreakDuration (Profile65)'
[2022-05-12 15:50:51.604 +05:30 INF] Route matched with {action = "UpdateBreakDuration", controller = "PersonalService"}. Executing controller action with signature Microsoft.AspNetCore.Mvc.IActionResult UpdateBreakDuration(Profile65.BreakDuration) on controller Profile65.PersonalServiceController (Profile65).
[2022-05-12 15:51:25.650 +05:30 ERR] ProfileData.cs-UpdatePersonalDetail)-The instance of entity type 'BreakDuration' cannot be tracked because another instance with the same key value for {'BreakDuration_Id'} is already being tracked. When attaching existing entities, ensure that only one entity instance with a given key value is attached. Consider using 'DbContextOptionsBuilder.EnableSensitiveDataLogging' to see the conflicting key values.
[2022-05-12 15:51:26.941 +05:30 INF] ProfileData.cs-UpdatePersonalDetail()-   at Microsoft.EntityFrameworkCore.ChangeTracking.Internal.IdentityMap`1.ThrowIdentityConflict(InternalEntityEntry entry)
   at Microsoft.EntityFrameworkCore.ChangeTracking.Internal.IdentityMap`1.Add(TKey key, InternalEntityEntry entry, Boolean updateDuplicate)
   at Microsoft.EntityFrameworkCore.ChangeTracking.Internal.IdentityMap`1.Add(TKey key, InternalEntityEntry entry)
   at Microsoft.EntityFrameworkCore.ChangeTracking.Internal.IdentityMap`1.Add(InternalEntityEntry entry)
   at Microsoft.EntityFrameworkCore.ChangeTracking.Internal.StateManager.StartTracking(InternalEntityEntry entry)
   at Microsoft.EntityFrameworkCore.ChangeTracking.Internal.InternalEntityEntry.SetEntityState(EntityState oldState, EntityState newState, Boolean acceptChanges, Boolean modifyProperties)
   at Microsoft.EntityFrameworkCore.ChangeTracking.Internal.InternalEntityEntry.SetEntityState(EntityState entityState, Boolean acceptChanges, Boolean modifyProperties, Nullable`1 forceStateWhenUnknownKey)
   at Microsoft.EntityFrameworkCore.ChangeTracking.Internal.EntityGraphAttacher.PaintAction(EntityEntryGraphNode`1 node)
   at Microsoft.EntityFrameworkCore.ChangeTracking.Internal.EntityEntryGraphIterator.TraverseGraph[TState](EntityEntryGraphNode`1 node, Func`2 handleNode)
   at Microsoft.EntityFrameworkCore.ChangeTracking.Internal.EntityGraphAttacher.AttachGraph(InternalEntityEntry rootEntry, EntityState targetState, EntityState storeGeneratedWithKeySetTargetState, Boolean forceStateWhenUnknownKey)
   at Microsoft.EntityFrameworkCore.DbContext.SetEntityState(InternalEntityEntry entry, EntityState entityState)
   at Microsoft.EntityFrameworkCore.DbContext.SetEntityState[TEntity](TEntity entity, EntityState entityState)
   at Microsoft.EntityFrameworkCore.DbContext.Update[TEntity](TEntity entity)
   at Profile65.ProfileData.UpdateBreakDuration(BreakDuration duration) in D:\Profile65\DAL\ProfileData.cs:line 421
[2022-05-12 15:52:28.499 +05:30 INF] Executing BadRequestObjectResult, writing value of type 'System.String'.
[2022-05-12 15:52:28.504 +05:30 INF] Executed action Profile65.PersonalServiceController.UpdateBreakDuration (Profile65) in 96893.8933ms
[2022-05-12 15:52:28.505 +05:30 INF] Executed endpoint 'Profile65.PersonalServiceController.UpdateBreakDuration (Profile65)'
[2022-05-12 15:52:28.505 +05:30 INF] Request finished HTTP/2 PUT https://localhost:7241/PersonalService/UpdateBreakDuration application/json 477 - 400 - text/plain;+charset=utf-8 96923.8423ms
[2022-05-12 15:53:13.451 +05:30 INF] Request starting HTTP/2 PUT https://localhost:7241/PersonalService/UpdateBreakDuration application/json 477
[2022-05-12 15:53:13.452 +05:30 INF] Executing endpoint 'Profile65.PersonalServiceController.UpdateBreakDuration (Profile65)'
[2022-05-12 15:53:13.453 +05:30 INF] Route matched with {action = "UpdateBreakDuration", controller = "PersonalService"}. Executing controller action with signature Microsoft.AspNetCore.Mvc.IActionResult UpdateBreakDuration(Profile65.BreakDuration) on controller Profile65.PersonalServiceController (Profile65).
